[0.012s] Invoking command in '/home/i/ros2_ws/build/my_package_cpp': CMAKE_PREFIX_PATH=/opt/ros/humble /usr/bin/cmake /home/i/ros2_ws/src/my_package_cpp -DCMAKE_INSTALL_PREFIX=/home/i/ros2_ws/install/my_package_cpp
[0.276s] -- The C compiler identification is GNU 11.4.0
[0.403s] -- The CXX compiler identification is GNU 11.4.0
[0.417s] -- Detecting C compiler ABI info
[0.496s] -- Detecting C compiler ABI info - done
[0.501s] -- Check for working C compiler: /usr/bin/cc - skipped
[0.502s] -- Detecting C compile features
[0.503s] -- Detecting C compile features - done
[0.507s] -- Detecting CXX compiler ABI info
[0.600s] -- Detecting CXX compiler ABI info - done
[0.602s] -- Check for working CXX compiler: /usr/bin/c++ - skipped
[0.602s] -- Detecting CXX compile features
[0.603s] -- Detecting CXX compile features - done
[0.607s] -- Found ament_cmake: 1.3.10 (/opt/ros/humble/share/ament_cmake/cmake)
[0.806s] -- Found Python3: /usr/bin/python3 (found version "3.10.12") found components: Interpreter 
[0.963s] -- Found ament_lint_auto: 0.12.11 (/opt/ros/humble/share/ament_lint_auto/cmake)
[1.032s] -- Added test 'cppcheck' to perform static code analysis on C / C++ code
[1.032s] -- Configured cppcheck include dirs: $<BUILD_INTERFACE:/home/i/ros2_ws/src/my_package_cpp/include>
[1.032s] -- Configured cppcheck exclude dirs and/or files: 
[1.033s] -- Added test 'lint_cmake' to check CMake code style
[1.041s] -- Added test 'uncrustify' to check C / C++ code style
[1.042s] -- Configured uncrustify additional arguments: 
[1.042s] -- Added test 'xmllint' to check XML markup files
[1.056s] -- Configuring done
[1.059s] -- Generating done
[1.059s] -- Build files have been written to: /home/i/ros2_ws/build/my_package_cpp
[1.068s] Invoked command in '/home/i/ros2_ws/build/my_package_cpp' returned '0': CMAKE_PREFIX_PATH=/opt/ros/humble /usr/bin/cmake /home/i/ros2_ws/src/my_package_cpp -DCMAKE_INSTALL_PREFIX=/home/i/ros2_ws/install/my_package_cpp
[1.068s] Invoking command in '/home/i/ros2_ws/build/my_package_cpp': CMAKE_PREFIX_PATH=/opt/ros/humble /usr/bin/cmake --build /home/i/ros2_ws/build/my_package_cpp -- -j4 -l4
[1.108s] [ 50%] [32mBuilding CXX object CMakeFiles/my_node.dir/src/my_node.cpp.o[0m
[1.166s] [100%] [32m[1mLinking CXX executable my_node[0m
[1.206s] [100%] Built target my_node
[1.241s] Invoked command in '/home/i/ros2_ws/build/my_package_cpp' returned '0': CMAKE_PREFIX_PATH=/opt/ros/humble /usr/bin/cmake --build /home/i/ros2_ws/build/my_package_cpp -- -j4 -l4
[1.301s] Invoking command in '/home/i/ros2_ws/build/my_package_cpp': CMAKE_PREFIX_PATH=/opt/ros/humble /usr/bin/cmake --install /home/i/ros2_ws/build/my_package_cpp
[1.307s] -- Install configuration: ""
[1.307s] -- Installing: /home/i/ros2_ws/install/my_package_cpp/lib/my_package_cpp/my_node
[1.307s] -- Installing: /home/i/ros2_ws/install/my_package_cpp/share/ament_index/resource_index/package_run_dependencies/my_package_cpp
[1.307s] -- Installing: /home/i/ros2_ws/install/my_package_cpp/share/ament_index/resource_index/parent_prefix_path/my_package_cpp
[1.307s] -- Installing: /home/i/ros2_ws/install/my_package_cpp/share/my_package_cpp/environment/ament_prefix_path.sh
[1.307s] -- Installing: /home/i/ros2_ws/install/my_package_cpp/share/my_package_cpp/environment/ament_prefix_path.dsv
[1.308s] -- Installing: /home/i/ros2_ws/install/my_package_cpp/share/my_package_cpp/environment/path.sh
[1.309s] -- Installing: /home/i/ros2_ws/install/my_package_cpp/share/my_package_cpp/environment/path.dsv
[1.309s] -- Installing: /home/i/ros2_ws/install/my_package_cpp/share/my_package_cpp/local_setup.bash
[1.309s] -- Installing: /home/i/ros2_ws/install/my_package_cpp/share/my_package_cpp/local_setup.sh
[1.309s] -- Installing: /home/i/ros2_ws/install/my_package_cpp/share/my_package_cpp/local_setup.zsh
[1.309s] -- Installing: /home/i/ros2_ws/install/my_package_cpp/share/my_package_cpp/local_setup.dsv
[1.310s] -- Installing: /home/i/ros2_ws/install/my_package_cpp/share/my_package_cpp/package.dsv
[1.310s] -- Installing: /home/i/ros2_ws/install/my_package_cpp/share/ament_index/resource_index/packages/my_package_cpp
[1.310s] -- Installing: /home/i/ros2_ws/install/my_package_cpp/share/my_package_cpp/cmake/my_package_cppConfig.cmake
[1.310s] -- Installing: /home/i/ros2_ws/install/my_package_cpp/share/my_package_cpp/cmake/my_package_cppConfig-version.cmake
[1.310s] -- Installing: /home/i/ros2_ws/install/my_package_cpp/share/my_package_cpp/package.xml
[1.311s] Invoked command in '/home/i/ros2_ws/build/my_package_cpp' returned '0': CMAKE_PREFIX_PATH=/opt/ros/humble /usr/bin/cmake --install /home/i/ros2_ws/build/my_package_cpp
