running egg_info
creating ../../build/webcam_pub/webcam_pub.egg-info
writing ../../build/webcam_pub/webcam_pub.egg-info/PKG-INFO
writing dependency_links to ../../build/webcam_pub/webcam_pub.egg-info/dependency_links.txt
writing entry points to ../../build/webcam_pub/webcam_pub.egg-info/entry_points.txt
writing requirements to ../../build/webcam_pub/webcam_pub.egg-info/requires.txt
writing top-level names to ../../build/webcam_pub/webcam_pub.egg-info/top_level.txt
writing manifest file '../../build/webcam_pub/webcam_pub.egg-info/SOURCES.txt'
reading manifest file '../../build/webcam_pub/webcam_pub.egg-info/SOURCES.txt'
writing manifest file '../../build/webcam_pub/webcam_pub.egg-info/SOURCES.txt'
running build
running build_py
creating /home/i/ros2_ws/build/webcam_pub/build
creating /home/i/ros2_ws/build/webcam_pub/build/lib
creating /home/i/ros2_ws/build/webcam_pub/build/lib/webcam_pub
copying webcam_pub/__init__.py -> /home/i/ros2_ws/build/webcam_pub/build/lib/webcam_pub
copying webcam_pub/webcam_pub_node.py -> /home/i/ros2_ws/build/webcam_pub/build/lib/webcam_pub
running install
running install_lib
creating /home/i/ros2_ws/install/webcam_pub/lib/python3.10/site-packages/webcam_pub
copying /home/i/ros2_ws/build/webcam_pub/build/lib/webcam_pub/__init__.py -> /home/i/ros2_ws/install/webcam_pub/lib/python3.10/site-packages/webcam_pub
copying /home/i/ros2_ws/build/webcam_pub/build/lib/webcam_pub/webcam_pub_node.py -> /home/i/ros2_ws/install/webcam_pub/lib/python3.10/site-packages/webcam_pub
byte-compiling /home/i/ros2_ws/install/webcam_pub/lib/python3.10/site-packages/webcam_pub/__init__.py to __init__.cpython-310.pyc
byte-compiling /home/i/ros2_ws/install/webcam_pub/lib/python3.10/site-packages/webcam_pub/webcam_pub_node.py to webcam_pub_node.cpython-310.pyc
running install_data
creating /home/i/ros2_ws/install/webcam_pub/share
creating /home/i/ros2_ws/install/webcam_pub/share/ament_index
creating /home/i/ros2_ws/install/webcam_pub/share/ament_index/resource_index
creating /home/i/ros2_ws/install/webcam_pub/share/ament_index/resource_index/packages
copying resource/webcam_pub -> /home/i/ros2_ws/install/webcam_pub/share/ament_index/resource_index/packages
creating /home/i/ros2_ws/install/webcam_pub/share/webcam_pub
copying package.xml -> /home/i/ros2_ws/install/webcam_pub/share/webcam_pub
running install_egg_info
Copying ../../build/webcam_pub/webcam_pub.egg-info to /home/i/ros2_ws/install/webcam_pub/lib/python3.10/site-packages/webcam_pub-0.0.0-py3.10.egg-info
running install_scripts
writing list of installed files to '/home/i/ros2_ws/build/webcam_pub/install.log'
