[0.658s] Invoking command in '/home/i/ros2_ws/src/webcam_pub': PYTHONPATH=/home/i/ros2_ws/build/webcam_pub/prefix_override:/usr/lib/python3/dist-packages/colcon_core/task/python/colcon_distutils_commands:/home/i/ros2_ws/install/webcam_pub/lib/python3.10/site-packages:${PYTHONPATH} /usr/bin/python3 -W ignore:setup.py install is deprecated setup.py egg_info --egg-base ../../build/webcam_pub build --build-base /home/i/ros2_ws/build/webcam_pub/build install --record /home/i/ros2_ws/build/webcam_pub/install.log --single-version-externally-managed install_data
[0.793s] running egg_info
[0.793s] creating ../../build/webcam_pub/webcam_pub.egg-info
[0.793s] writing ../../build/webcam_pub/webcam_pub.egg-info/PKG-INFO
[0.793s] writing dependency_links to ../../build/webcam_pub/webcam_pub.egg-info/dependency_links.txt
[0.793s] writing entry points to ../../build/webcam_pub/webcam_pub.egg-info/entry_points.txt
[0.793s] writing requirements to ../../build/webcam_pub/webcam_pub.egg-info/requires.txt
[0.793s] writing top-level names to ../../build/webcam_pub/webcam_pub.egg-info/top_level.txt
[0.793s] writing manifest file '../../build/webcam_pub/webcam_pub.egg-info/SOURCES.txt'
[0.793s] reading manifest file '../../build/webcam_pub/webcam_pub.egg-info/SOURCES.txt'
[0.795s] writing manifest file '../../build/webcam_pub/webcam_pub.egg-info/SOURCES.txt'
[0.795s] running build
[0.795s] running build_py
[0.795s] creating /home/i/ros2_ws/build/webcam_pub/build
[0.795s] creating /home/i/ros2_ws/build/webcam_pub/build/lib
[0.795s] creating /home/i/ros2_ws/build/webcam_pub/build/lib/webcam_pub
[0.795s] copying webcam_pub/__init__.py -> /home/i/ros2_ws/build/webcam_pub/build/lib/webcam_pub
[0.795s] copying webcam_pub/webcam_pub_node.py -> /home/i/ros2_ws/build/webcam_pub/build/lib/webcam_pub
[0.795s] running install
[0.795s] running install_lib
[0.797s] creating /home/i/ros2_ws/install/webcam_pub/lib/python3.10/site-packages/webcam_pub
[0.797s] copying /home/i/ros2_ws/build/webcam_pub/build/lib/webcam_pub/__init__.py -> /home/i/ros2_ws/install/webcam_pub/lib/python3.10/site-packages/webcam_pub
[0.797s] copying /home/i/ros2_ws/build/webcam_pub/build/lib/webcam_pub/webcam_pub_node.py -> /home/i/ros2_ws/install/webcam_pub/lib/python3.10/site-packages/webcam_pub
[0.797s] byte-compiling /home/i/ros2_ws/install/webcam_pub/lib/python3.10/site-packages/webcam_pub/__init__.py to __init__.cpython-310.pyc
[0.797s] byte-compiling /home/i/ros2_ws/install/webcam_pub/lib/python3.10/site-packages/webcam_pub/webcam_pub_node.py to webcam_pub_node.cpython-310.pyc
[0.797s] running install_data
[0.797s] creating /home/i/ros2_ws/install/webcam_pub/share
[0.797s] creating /home/i/ros2_ws/install/webcam_pub/share/ament_index
[0.797s] creating /home/i/ros2_ws/install/webcam_pub/share/ament_index/resource_index
[0.797s] creating /home/i/ros2_ws/install/webcam_pub/share/ament_index/resource_index/packages
[0.797s] copying resource/webcam_pub -> /home/i/ros2_ws/install/webcam_pub/share/ament_index/resource_index/packages
[0.797s] creating /home/i/ros2_ws/install/webcam_pub/share/webcam_pub
[0.797s] copying package.xml -> /home/i/ros2_ws/install/webcam_pub/share/webcam_pub
[0.797s] running install_egg_info
[0.799s] Copying ../../build/webcam_pub/webcam_pub.egg-info to /home/i/ros2_ws/install/webcam_pub/lib/python3.10/site-packages/webcam_pub-0.0.0-py3.10.egg-info
[0.799s] running install_scripts
[0.810s] writing list of installed files to '/home/i/ros2_ws/build/webcam_pub/install.log'
[0.824s] Invoked command in '/home/i/ros2_ws/src/webcam_pub' returned '0': PYTHONPATH=/home/i/ros2_ws/build/webcam_pub/prefix_override:/usr/lib/python3/dist-packages/colcon_core/task/python/colcon_distutils_commands:/home/i/ros2_ws/install/webcam_pub/lib/python3.10/site-packages:${PYTHONPATH} /usr/bin/python3 -W ignore:setup.py install is deprecated setup.py egg_info --egg-base ../../build/webcam_pub build --build-base /home/i/ros2_ws/build/webcam_pub/build install --record /home/i/ros2_ws/build/webcam_pub/install.log --single-version-externally-managed install_data
