running egg_info
writing ../../build/jdcobot_100_description/jdcobot_100_description.egg-info/PKG-INFO
writing dependency_links to ../../build/jdcobot_100_description/jdcobot_100_description.egg-info/dependency_links.txt
writing entry points to ../../build/jdcobot_100_description/jdcobot_100_description.egg-info/entry_points.txt
writing requirements to ../../build/jdcobot_100_description/jdcobot_100_description.egg-info/requires.txt
writing top-level names to ../../build/jdcobot_100_description/jdcobot_100_description.egg-info/top_level.txt
reading manifest file '../../build/jdcobot_100_description/jdcobot_100_description.egg-info/SOURCES.txt'
writing manifest file '../../build/jdcobot_100_description/jdcobot_100_description.egg-info/SOURCES.txt'
running build
running build_py
running install
running install_lib
running install_data
running install_egg_info
removing '/home/i/ros2_ws/install/jdcobot_100_description/lib/python3.10/site-packages/jdcobot_100_description-1.0.0-py3.10.egg-info' (and everything under it)
Copying ../../build/jdcobot_100_description/jdcobot_100_description.egg-info to /home/i/ros2_ws/install/jdcobot_100_description/lib/python3.10/site-packages/jdcobot_100_description-1.0.0-py3.10.egg-info
running install_scripts
Installing jdcobot_control script to /home/i/ros2_ws/install/jdcobot_100_description/lib/jdcobot_100_description
Installing js_5_pub_test script to /home/i/ros2_ws/install/jdcobot_100_description/lib/jdcobot_100_description
writing list of installed files to '/home/i/ros2_ws/build/jdcobot_100_description/install.log'
