[0.392s] Invoking command in '/home/i/ros2_ws/src/py_pubsub': PYTHONPATH=/home/i/ros2_ws/build/py_pubsub/prefix_override:/usr/lib/python3/dist-packages/colcon_core/task/python/colcon_distutils_commands:/home/i/ros2_ws/install/py_pubsub/lib/python3.10/site-packages:${PYTHONPATH} /usr/bin/python3 -W ignore:setup.py install is deprecated setup.py egg_info --egg-base ../../build/py_pubsub build --build-base /home/i/ros2_ws/build/py_pubsub/build install --record /home/i/ros2_ws/build/py_pubsub/install.log --single-version-externally-managed install_data
[0.558s] running egg_info
[0.558s] writing ../../build/py_pubsub/py_pubsub.egg-info/PKG-INFO
[0.559s] writing dependency_links to ../../build/py_pubsub/py_pubsub.egg-info/dependency_links.txt
[0.559s] writing entry points to ../../build/py_pubsub/py_pubsub.egg-info/entry_points.txt
[0.559s] writing requirements to ../../build/py_pubsub/py_pubsub.egg-info/requires.txt
[0.559s] writing top-level names to ../../build/py_pubsub/py_pubsub.egg-info/top_level.txt
[0.562s] reading manifest file '../../build/py_pubsub/py_pubsub.egg-info/SOURCES.txt'
[0.562s] writing manifest file '../../build/py_pubsub/py_pubsub.egg-info/SOURCES.txt'
[0.562s] running build
[0.562s] running build_py
[0.563s] running install
[0.563s] running install_lib
[0.563s] running install_data
[0.563s] running install_egg_info
[0.565s] removing '/home/i/ros2_ws/install/py_pubsub/lib/python3.10/site-packages/py_pubsub-0.0.0-py3.10.egg-info' (and everything under it)
[0.565s] Copying ../../build/py_pubsub/py_pubsub.egg-info to /home/i/ros2_ws/install/py_pubsub/lib/python3.10/site-packages/py_pubsub-0.0.0-py3.10.egg-info
[0.565s] running install_scripts
[0.580s] Installing listener script to /home/i/ros2_ws/install/py_pubsub/lib/py_pubsub
[0.580s] Installing talker script to /home/i/ros2_ws/install/py_pubsub/lib/py_pubsub
[0.580s] writing list of installed files to '/home/i/ros2_ws/build/py_pubsub/install.log'
[0.595s] Invoked command in '/home/i/ros2_ws/src/py_pubsub' returned '0': PYTHONPATH=/home/i/ros2_ws/build/py_pubsub/prefix_override:/usr/lib/python3/dist-packages/colcon_core/task/python/colcon_distutils_commands:/home/i/ros2_ws/install/py_pubsub/lib/python3.10/site-packages:${PYTHONPATH} /usr/bin/python3 -W ignore:setup.py install is deprecated setup.py egg_info --egg-base ../../build/py_pubsub build --build-base /home/i/ros2_ws/build/py_pubsub/build install --record /home/i/ros2_ws/build/py_pubsub/install.log --single-version-externally-managed install_data
