[0.443s] Invoking command in '/home/i/ros2_ws/src/my_package_py': PYTHONPATH=/home/i/ros2_ws/build/my_package_py/prefix_override:/usr/lib/python3/dist-packages/colcon_core/task/python/colcon_distutils_commands:/home/i/ros2_ws/install/my_package_py/lib/python3.10/site-packages:${PYTHONPATH} /usr/bin/python3 -W ignore:setup.py install is deprecated setup.py egg_info --egg-base ../../build/my_package_py build --build-base /home/i/ros2_ws/build/my_package_py/build install --record /home/i/ros2_ws/build/my_package_py/install.log --single-version-externally-managed install_data
[0.596s] running egg_info
[0.596s] writing ../../build/my_package_py/my_package_py.egg-info/PKG-INFO
[0.597s] writing dependency_links to ../../build/my_package_py/my_package_py.egg-info/dependency_links.txt
[0.597s] writing entry points to ../../build/my_package_py/my_package_py.egg-info/entry_points.txt
[0.597s] writing requirements to ../../build/my_package_py/my_package_py.egg-info/requires.txt
[0.598s] writing top-level names to ../../build/my_package_py/my_package_py.egg-info/top_level.txt
[0.599s] reading manifest file '../../build/my_package_py/my_package_py.egg-info/SOURCES.txt'
[0.600s] writing manifest file '../../build/my_package_py/my_package_py.egg-info/SOURCES.txt'
[0.600s] running build
[0.600s] running build_py
[0.600s] running install
[0.600s] running install_lib
[0.601s] running install_data
[0.601s] running install_egg_info
[0.602s] removing '/home/i/ros2_ws/install/my_package_py/lib/python3.10/site-packages/my_package_py-0.0.0-py3.10.egg-info' (and everything under it)
[0.603s] Copying ../../build/my_package_py/my_package_py.egg-info to /home/i/ros2_ws/install/my_package_py/lib/python3.10/site-packages/my_package_py-0.0.0-py3.10.egg-info
[0.603s] running install_scripts
[0.617s] Installing my_node script to /home/i/ros2_ws/install/my_package_py/lib/my_package_py
[0.618s] writing list of installed files to '/home/i/ros2_ws/build/my_package_py/install.log'
[0.632s] Invoked command in '/home/i/ros2_ws/src/my_package_py' returned '0': PYTHONPATH=/home/i/ros2_ws/build/my_package_py/prefix_override:/usr/lib/python3/dist-packages/colcon_core/task/python/colcon_distutils_commands:/home/i/ros2_ws/install/my_package_py/lib/python3.10/site-packages:${PYTHONPATH} /usr/bin/python3 -W ignore:setup.py install is deprecated setup.py egg_info --egg-base ../../build/my_package_py build --build-base /home/i/ros2_ws/build/my_package_py/build install --record /home/i/ros2_ws/build/my_package_py/install.log --single-version-externally-managed install_data
