[0.011s] Invoking command in '/home/i/ros2_ws/build/my_robot_description': CMAKE_PREFIX_PATH=${CMAKE_PREFIX_PATH}:/home/i/ros2_ws/install/jdamr_ros_03:/home/i/ros2_ws/install/webcam_pub:/home/i/ros2_ws/install/py_pubsub:/home/i/ros2_ws/install/py_srvcli:/home/i/ros2_ws/install/py_launch_example:/home/i/ros2_ws/install/my_package_py:/home/i/ros2_ws/install/my_camera:/home/i/ros2_ws/install/jdcobot_100_description:/opt/ros/humble /usr/bin/cmake /home/i/ros2_ws/src/my_robot_description -DCMAKE_INSTALL_PREFIX=/home/i/ros2_ws/install/my_robot_description
[0.022s] -- Found ament_cmake: 1.3.10 (/opt/ros/humble/share/ament_cmake/cmake)
[0.134s] -- Found urdf: 2.6.0 (/opt/ros/humble/share/urdf/cmake)
[0.140s] -- Found rclcpp: 16.0.10 (/opt/ros/humble/share/rclcpp/cmake)
[0.150s] -- Found rosidl_generator_c: 3.1.5 (/opt/ros/humble/share/rosidl_generator_c/cmake)
[0.152s] -- Found rosidl_adapter: 3.1.5 (/opt/ros/humble/share/rosidl_adapter/cmake)
[0.155s] -- Found rosidl_generator_cpp: 3.1.5 (/opt/ros/humble/share/rosidl_generator_cpp/cmake)
[0.161s] -- Using all available rosidl_typesupport_c: rosidl_typesupport_fastrtps_c;rosidl_typesupport_introspection_c
[0.170s] -- Using all available rosidl_typesupport_cpp: rosidl_typesupport_fastrtps_cpp;rosidl_typesupport_introspection_cpp
[0.196s] -- Found rmw_implementation_cmake: 6.1.2 (/opt/ros/humble/share/rmw_implementation_cmake/cmake)
[0.197s] -- Found rmw_fastrtps_cpp: 6.2.7 (/opt/ros/humble/share/rmw_fastrtps_cpp/cmake)
[0.209s] -- Found TinyXML2 via Config file: TinyXML2_DIR-NOTFOUND
[0.218s] -- Found TinyXML2 via Config file: TinyXML2_DIR-NOTFOUND
[0.228s] -- Found TinyXML2 via Config file: TinyXML2_DIR-NOTFOUND
[0.239s] -- Found TinyXML2 via Config file: TinyXML2_DIR-NOTFOUND
[0.247s] -- Using RMW implementation 'rmw_fastrtps_cpp' as default
[0.276s] -- Found sensor_msgs: 4.2.4 (/opt/ros/humble/share/sensor_msgs/cmake)
[0.292s] -- Found ament_lint_auto: 0.12.11 (/opt/ros/humble/share/ament_lint_auto/cmake)
[0.342s] [31mCMake Error at CMakeLists.txt:29 (install):
[0.342s]   install DIRECTORY given no DESTINATION!
[0.342s] 
[0.342s] [0m
[0.342s] -- Added test 'lint_cmake' to check CMake code style
[0.343s] -- Added test 'xmllint' to check XML markup files
[0.343s] -- Configuring incomplete, errors occurred!
[0.343s] See also "/home/i/ros2_ws/build/my_robot_description/CMakeFiles/CMakeOutput.log".
[0.354s] Invoked command in '/home/i/ros2_ws/build/my_robot_description' returned '1': CMAKE_PREFIX_PATH=${CMAKE_PREFIX_PATH}:/home/i/ros2_ws/install/jdamr_ros_03:/home/i/ros2_ws/install/webcam_pub:/home/i/ros2_ws/install/py_pubsub:/home/i/ros2_ws/install/py_srvcli:/home/i/ros2_ws/install/py_launch_example:/home/i/ros2_ws/install/my_package_py:/home/i/ros2_ws/install/my_camera:/home/i/ros2_ws/install/jdcobot_100_description:/opt/ros/humble /usr/bin/cmake /home/i/ros2_ws/src/my_robot_description -DCMAKE_INSTALL_PREFIX=/home/i/ros2_ws/install/my_robot_description
