[0.077s] DEBUG:colcon:Command line arguments: ['/usr/bin/colcon', 'build', '--packages-select', 'webcam_pub']
[0.077s] DEBUG:colcon:Parsed command line arguments: Namespace(log_base=None, log_level=None, verb_name='build', build_base='build', install_base='install', merge_install=False, symlink_install=False, test_result_base=None, continue_on_error=False, executor='parallel', parallel_workers=4, event_handlers=None, ignore_user_meta=False, metas=['./colcon.meta'], base_paths=['.'], packages_ignore=None, packages_ignore_regex=None, paths=None, packages_up_to=None, packages_up_to_regex=None, packages_above=None, packages_above_and_dependencies=None, packages_above_depth=None, packages_select_by_dep=None, packages_skip_by_dep=None, packages_skip_up_to=None, packages_select_build_failed=False, packages_skip_build_finished=False, packages_select_test_failures=False, packages_skip_test_passed=False, packages_select=['webcam_pub'], packages_skip=None, packages_select_regex=None, packages_skip_regex=None, packages_start=None, packages_end=None, allow_overriding=[], cmake_args=None, cmake_target=None, cmake_target_skip_unavailable=False, cmake_clean_cache=False, cmake_clean_first=False, cmake_force_configure=False, ament_cmake_args=None, catkin_cmake_args=None, catkin_skip_building_tests=False, mixin_files=None, mixin=None, verb_parser=<colcon_mixin.mixin.mixin_argument.MixinArgumentDecorator object at 0x78c23dc23e80>, verb_extension=<colcon_core.verb.build.BuildVerb object at 0x78c23ddd8f10>, main=<bound method BuildVerb.main of <colcon_core.verb.build.BuildVerb object at 0x78c23ddd8f10>>, mixin_verb=('build',))
[0.173s] Level 1:colcon.colcon_core.package_discovery:discover_packages(colcon_meta) check parameters
[0.173s] Level 1:colcon.colcon_core.package_discovery:discover_packages(recursive) check parameters
[0.173s] Level 1:colcon.colcon_core.package_discovery:discover_packages(ignore) check parameters
[0.173s] Level 1:colcon.colcon_core.package_discovery:discover_packages(path) check parameters
[0.173s] Level 1:colcon.colcon_core.package_discovery:discover_packages(colcon_meta) discover
[0.173s] Level 1:colcon.colcon_core.package_discovery:discover_packages(recursive) discover
[0.173s] INFO:colcon.colcon_core.package_discovery:Crawling recursively for packages in '/home/i/ros2_ws'
[0.173s] Level 1:colcon.colcon_core.package_identification:_identify(.) by extensions ['ignore', 'ignore_ament_install']
[0.173s] Level 1:colcon.colcon_core.package_identification:_identify(.) by extension 'ignore'
[0.173s] Level 1:colcon.colcon_core.package_identification:_identify(.) by extension 'ignore_ament_install'
[0.173s] Level 1:colcon.colcon_core.package_identification:_identify(.) by extensions ['colcon_pkg']
[0.173s] Level 1:colcon.colcon_core.package_identification:_identify(.) by extension 'colcon_pkg'
[0.173s] Level 1:colcon.colcon_core.package_identification:_identify(.) by extensions ['colcon_meta']
[0.173s] Level 1:colcon.colcon_core.package_identification:_identify(.) by extension 'colcon_meta'
[0.173s] Level 1:colcon.colcon_core.package_identification:_identify(.) by extensions ['ros']
[0.173s] Level 1:colcon.colcon_core.package_identification:_identify(.) by extension 'ros'
[0.181s] Level 1:colcon.colcon_core.package_identification:_identify(.) by extensions ['cmake', 'python']
[0.181s] Level 1:colcon.colcon_core.package_identification:_identify(.) by extension 'cmake'
[0.181s] Level 1:colcon.colcon_core.package_identification:_identify(.) by extension 'python'
[0.181s] Level 1:colcon.colcon_core.package_identification:_identify(.) by extensions ['python_setup_py']
[0.181s] Level 1:colcon.colcon_core.package_identification:_identify(.) by extension 'python_setup_py'
[0.185s] Level 1:colcon.colcon_core.package_identification:_identify(action_examples) by extensions ['ignore', 'ignore_ament_install']
[0.185s] Level 1:colcon.colcon_core.package_identification:_identify(action_examples) by extension 'ignore'
[0.185s] Level 1:colcon.colcon_core.package_identification:_identify(action_examples) by extension 'ignore_ament_install'
[0.185s] Level 1:colcon.colcon_core.package_identification:_identify(action_examples) by extensions ['colcon_pkg']
[0.185s] Level 1:colcon.colcon_core.package_identification:_identify(action_examples) by extension 'colcon_pkg'
[0.185s] Level 1:colcon.colcon_core.package_identification:_identify(action_examples) by extensions ['colcon_meta']
[0.185s] Level 1:colcon.colcon_core.package_identification:_identify(action_examples) by extension 'colcon_meta'
[0.185s] Level 1:colcon.colcon_core.package_identification:_identify(action_examples) by extensions ['ros']
[0.185s] Level 1:colcon.colcon_core.package_identification:_identify(action_examples) by extension 'ros'
[0.185s] Level 1:colcon.colcon_core.package_identification:_identify(action_examples) by extensions ['cmake', 'python']
[0.185s] Level 1:colcon.colcon_core.package_identification:_identify(action_examples) by extension 'cmake'
[0.185s] Level 1:colcon.colcon_core.package_identification:_identify(action_examples) by extension 'python'
[0.185s] Level 1:colcon.colcon_core.package_identification:_identify(action_examples) by extensions ['python_setup_py']
[0.185s] Level 1:colcon.colcon_core.package_identification:_identify(action_examples) by extension 'python_setup_py'
[0.186s] Level 1:colcon.colcon_core.package_identification:_identify(build) by extensions ['ignore', 'ignore_ament_install']
[0.186s] Level 1:colcon.colcon_core.package_identification:_identify(build) by extension 'ignore'
[0.186s] Level 1:colcon.colcon_core.package_identification:_identify(build) ignored
[0.187s] Level 1:colcon.colcon_core.package_identification:_identify(install) by extensions ['ignore', 'ignore_ament_install']
[0.187s] Level 1:colcon.colcon_core.package_identification:_identify(install) by extension 'ignore'
[0.187s] Level 1:colcon.colcon_core.package_identification:_identify(install) ignored
[0.187s] Level 1:colcon.colcon_core.package_identification:_identify(log) by extensions ['ignore', 'ignore_ament_install']
[0.187s] Level 1:colcon.colcon_core.package_identification:_identify(log) by extension 'ignore'
[0.187s] Level 1:colcon.colcon_core.package_identification:_identify(log) ignored
[0.187s] Level 1:colcon.colcon_core.package_identification:_identify(src) by extensions ['ignore', 'ignore_ament_install']
[0.187s] Level 1:colcon.colcon_core.package_identification:_identify(src) by extension 'ignore'
[0.187s] Level 1:colcon.colcon_core.package_identification:_identify(src) by extension 'ignore_ament_install'
[0.187s] Level 1:colcon.colcon_core.package_identification:_identify(src) by extensions ['colcon_pkg']
[0.187s] Level 1:colcon.colcon_core.package_identification:_identify(src) by extension 'colcon_pkg'
[0.187s] Level 1:colcon.colcon_core.package_identification:_identify(src) by extensions ['colcon_meta']
[0.187s] Level 1:colcon.colcon_core.package_identification:_identify(src) by extension 'colcon_meta'
[0.187s] Level 1:colcon.colcon_core.package_identification:_identify(src) by extensions ['ros']
[0.187s] Level 1:colcon.colcon_core.package_identification:_identify(src) by extension 'ros'
[0.188s] Level 1:colcon.colcon_core.package_identification:_identify(src) by extensions ['cmake', 'python']
[0.188s] Level 1:colcon.colcon_core.package_identification:_identify(src) by extension 'cmake'
[0.188s] Level 1:colcon.colcon_core.package_identification:_identify(src) by extension 'python'
[0.188s] Level 1:colcon.colcon_core.package_identification:_identify(src) by extensions ['python_setup_py']
[0.188s] Level 1:colcon.colcon_core.package_identification:_identify(src) by extension 'python_setup_py'
[0.188s] Level 1:colcon.colcon_core.package_identification:_identify(src/action_tutorials_interfaces) by extensions ['ignore', 'ignore_ament_install']
[0.188s] Level 1:colcon.colcon_core.package_identification:_identify(src/action_tutorials_interfaces) by extension 'ignore'
[0.188s] Level 1:colcon.colcon_core.package_identification:_identify(src/action_tutorials_interfaces) by extension 'ignore_ament_install'
[0.188s] Level 1:colcon.colcon_core.package_identification:_identify(src/action_tutorials_interfaces) by extensions ['colcon_pkg']
[0.188s] Level 1:colcon.colcon_core.package_identification:_identify(src/action_tutorials_interfaces) by extension 'colcon_pkg'
[0.188s] Level 1:colcon.colcon_core.package_identification:_identify(src/action_tutorials_interfaces) by extensions ['colcon_meta']
[0.188s] Level 1:colcon.colcon_core.package_identification:_identify(src/action_tutorials_interfaces) by extension 'colcon_meta'
[0.188s] Level 1:colcon.colcon_core.package_identification:_identify(src/action_tutorials_interfaces) by extensions ['ros']
[0.188s] Level 1:colcon.colcon_core.package_identification:_identify(src/action_tutorials_interfaces) by extension 'ros'
[0.190s] DEBUG:colcon.colcon_core.package_identification:Package 'src/action_tutorials_interfaces' with type 'ros.ament_cmake' and name 'action_tutorials_interfaces'
[0.191s] Level 1:colcon.colcon_core.package_identification:_identify(src/action_tutorials_py) by extensions ['ignore', 'ignore_ament_install']
[0.191s] Level 1:colcon.colcon_core.package_identification:_identify(src/action_tutorials_py) by extension 'ignore'
[0.191s] Level 1:colcon.colcon_core.package_identification:_identify(src/action_tutorials_py) by extension 'ignore_ament_install'
[0.192s] Level 1:colcon.colcon_core.package_identification:_identify(src/action_tutorials_py) by extensions ['colcon_pkg']
[0.192s] Level 1:colcon.colcon_core.package_identification:_identify(src/action_tutorials_py) by extension 'colcon_pkg'
[0.192s] Level 1:colcon.colcon_core.package_identification:_identify(src/action_tutorials_py) by extensions ['colcon_meta']
[0.192s] Level 1:colcon.colcon_core.package_identification:_identify(src/action_tutorials_py) by extension 'colcon_meta'
[0.192s] Level 1:colcon.colcon_core.package_identification:_identify(src/action_tutorials_py) by extensions ['ros']
[0.192s] Level 1:colcon.colcon_core.package_identification:_identify(src/action_tutorials_py) by extension 'ros'
[0.192s] DEBUG:colcon.colcon_core.package_identification:Package 'src/action_tutorials_py' with type 'ros.ament_python' and name 'action_tutorials_py'
[0.193s] Level 1:colcon.colcon_core.package_identification:_identify(src/jdcobot_100_description) by extensions ['ignore', 'ignore_ament_install']
[0.193s] Level 1:colcon.colcon_core.package_identification:_identify(src/jdcobot_100_description) by extension 'ignore'
[0.193s] Level 1:colcon.colcon_core.package_identification:_identify(src/jdcobot_100_description) by extension 'ignore_ament_install'
[0.193s] Level 1:colcon.colcon_core.package_identification:_identify(src/jdcobot_100_description) by extensions ['colcon_pkg']
[0.193s] Level 1:colcon.colcon_core.package_identification:_identify(src/jdcobot_100_description) by extension 'colcon_pkg'
[0.193s] Level 1:colcon.colcon_core.package_identification:_identify(src/jdcobot_100_description) by extensions ['colcon_meta']
[0.193s] Level 1:colcon.colcon_core.package_identification:_identify(src/jdcobot_100_description) by extension 'colcon_meta'
[0.193s] Level 1:colcon.colcon_core.package_identification:_identify(src/jdcobot_100_description) by extensions ['ros']
[0.193s] Level 1:colcon.colcon_core.package_identification:_identify(src/jdcobot_100_description) by extension 'ros'
[0.193s] DEBUG:colcon.colcon_core.package_identification:Package 'src/jdcobot_100_description' with type 'ros.ament_python' and name 'jdcobot_100_description'
[0.193s] Level 1:colcon.colcon_core.package_identification:_identify(src/my_camera) by extensions ['ignore', 'ignore_ament_install']
[0.194s] Level 1:colcon.colcon_core.package_identification:_identify(src/my_camera) by extension 'ignore'
[0.194s] Level 1:colcon.colcon_core.package_identification:_identify(src/my_camera) by extension 'ignore_ament_install'
[0.194s] Level 1:colcon.colcon_core.package_identification:_identify(src/my_camera) by extensions ['colcon_pkg']
[0.194s] Level 1:colcon.colcon_core.package_identification:_identify(src/my_camera) by extension 'colcon_pkg'
[0.194s] Level 1:colcon.colcon_core.package_identification:_identify(src/my_camera) by extensions ['colcon_meta']
[0.194s] Level 1:colcon.colcon_core.package_identification:_identify(src/my_camera) by extension 'colcon_meta'
[0.194s] Level 1:colcon.colcon_core.package_identification:_identify(src/my_camera) by extensions ['ros']
[0.194s] Level 1:colcon.colcon_core.package_identification:_identify(src/my_camera) by extension 'ros'
[0.194s] DEBUG:colcon.colcon_core.package_identification:Package 'src/my_camera' with type 'ros.ament_python' and name 'my_camera'
[0.195s] Level 1:colcon.colcon_core.package_identification:_identify(src/my_package_cpp) by extensions ['ignore', 'ignore_ament_install']
[0.195s] Level 1:colcon.colcon_core.package_identification:_identify(src/my_package_cpp) by extension 'ignore'
[0.195s] Level 1:colcon.colcon_core.package_identification:_identify(src/my_package_cpp) by extension 'ignore_ament_install'
[0.195s] Level 1:colcon.colcon_core.package_identification:_identify(src/my_package_cpp) by extensions ['colcon_pkg']
[0.195s] Level 1:colcon.colcon_core.package_identification:_identify(src/my_package_cpp) by extension 'colcon_pkg'
[0.195s] Level 1:colcon.colcon_core.package_identification:_identify(src/my_package_cpp) by extensions ['colcon_meta']
[0.195s] Level 1:colcon.colcon_core.package_identification:_identify(src/my_package_cpp) by extension 'colcon_meta'
[0.195s] Level 1:colcon.colcon_core.package_identification:_identify(src/my_package_cpp) by extensions ['ros']
[0.195s] Level 1:colcon.colcon_core.package_identification:_identify(src/my_package_cpp) by extension 'ros'
[0.195s] DEBUG:colcon.colcon_core.package_identification:Package 'src/my_package_cpp' with type 'ros.ament_cmake' and name 'my_package_cpp'
[0.196s] Level 1:colcon.colcon_core.package_identification:_identify(src/my_package_py) by extensions ['ignore', 'ignore_ament_install']
[0.196s] Level 1:colcon.colcon_core.package_identification:_identify(src/my_package_py) by extension 'ignore'
[0.196s] Level 1:colcon.colcon_core.package_identification:_identify(src/my_package_py) by extension 'ignore_ament_install'
[0.196s] Level 1:colcon.colcon_core.package_identification:_identify(src/my_package_py) by extensions ['colcon_pkg']
[0.196s] Level 1:colcon.colcon_core.package_identification:_identify(src/my_package_py) by extension 'colcon_pkg'
[0.196s] Level 1:colcon.colcon_core.package_identification:_identify(src/my_package_py) by extensions ['colcon_meta']
[0.196s] Level 1:colcon.colcon_core.package_identification:_identify(src/my_package_py) by extension 'colcon_meta'
[0.196s] Level 1:colcon.colcon_core.package_identification:_identify(src/my_package_py) by extensions ['ros']
[0.196s] Level 1:colcon.colcon_core.package_identification:_identify(src/my_package_py) by extension 'ros'
[0.196s] DEBUG:colcon.colcon_core.package_identification:Package 'src/my_package_py' with type 'ros.ament_python' and name 'my_package_py'
[0.197s] Level 1:colcon.colcon_core.package_identification:_identify(src/py_launch_example) by extensions ['ignore', 'ignore_ament_install']
[0.197s] Level 1:colcon.colcon_core.package_identification:_identify(src/py_launch_example) by extension 'ignore'
[0.197s] Level 1:colcon.colcon_core.package_identification:_identify(src/py_launch_example) by extension 'ignore_ament_install'
[0.197s] Level 1:colcon.colcon_core.package_identification:_identify(src/py_launch_example) by extensions ['colcon_pkg']
[0.197s] Level 1:colcon.colcon_core.package_identification:_identify(src/py_launch_example) by extension 'colcon_pkg'
[0.197s] Level 1:colcon.colcon_core.package_identification:_identify(src/py_launch_example) by extensions ['colcon_meta']
[0.197s] Level 1:colcon.colcon_core.package_identification:_identify(src/py_launch_example) by extension 'colcon_meta'
[0.197s] Level 1:colcon.colcon_core.package_identification:_identify(src/py_launch_example) by extensions ['ros']
[0.197s] Level 1:colcon.colcon_core.package_identification:_identify(src/py_launch_example) by extension 'ros'
[0.197s] DEBUG:colcon.colcon_core.package_identification:Package 'src/py_launch_example' with type 'ros.ament_python' and name 'py_launch_example'
[0.198s] Level 1:colcon.colcon_core.package_identification:_identify(src/py_pubsub) by extensions ['ignore', 'ignore_ament_install']
[0.198s] Level 1:colcon.colcon_core.package_identification:_identify(src/py_pubsub) by extension 'ignore'
[0.198s] Level 1:colcon.colcon_core.package_identification:_identify(src/py_pubsub) by extension 'ignore_ament_install'
[0.198s] Level 1:colcon.colcon_core.package_identification:_identify(src/py_pubsub) by extensions ['colcon_pkg']
[0.198s] Level 1:colcon.colcon_core.package_identification:_identify(src/py_pubsub) by extension 'colcon_pkg'
[0.198s] Level 1:colcon.colcon_core.package_identification:_identify(src/py_pubsub) by extensions ['colcon_meta']
[0.198s] Level 1:colcon.colcon_core.package_identification:_identify(src/py_pubsub) by extension 'colcon_meta'
[0.198s] Level 1:colcon.colcon_core.package_identification:_identify(src/py_pubsub) by extensions ['ros']
[0.198s] Level 1:colcon.colcon_core.package_identification:_identify(src/py_pubsub) by extension 'ros'
[0.199s] DEBUG:colcon.colcon_core.package_identification:Package 'src/py_pubsub' with type 'ros.ament_python' and name 'py_pubsub'
[0.199s] Level 1:colcon.colcon_core.package_identification:_identify(src/py_srvcli) by extensions ['ignore', 'ignore_ament_install']
[0.199s] Level 1:colcon.colcon_core.package_identification:_identify(src/py_srvcli) by extension 'ignore'
[0.199s] Level 1:colcon.colcon_core.package_identification:_identify(src/py_srvcli) by extension 'ignore_ament_install'
[0.199s] Level 1:colcon.colcon_core.package_identification:_identify(src/py_srvcli) by extensions ['colcon_pkg']
[0.199s] Level 1:colcon.colcon_core.package_identification:_identify(src/py_srvcli) by extension 'colcon_pkg'
[0.199s] Level 1:colcon.colcon_core.package_identification:_identify(src/py_srvcli) by extensions ['colcon_meta']
[0.199s] Level 1:colcon.colcon_core.package_identification:_identify(src/py_srvcli) by extension 'colcon_meta'
[0.199s] Level 1:colcon.colcon_core.package_identification:_identify(src/py_srvcli) by extensions ['ros']
[0.199s] Level 1:colcon.colcon_core.package_identification:_identify(src/py_srvcli) by extension 'ros'
[0.200s] DEBUG:colcon.colcon_core.package_identification:Package 'src/py_srvcli' with type 'ros.ament_python' and name 'py_srvcli'
[0.200s] Level 1:colcon.colcon_core.package_identification:_identify(src/ros2_study) by extensions ['ignore', 'ignore_ament_install']
[0.200s] Level 1:colcon.colcon_core.package_identification:_identify(src/ros2_study) by extension 'ignore'
[0.200s] Level 1:colcon.colcon_core.package_identification:_identify(src/ros2_study) by extension 'ignore_ament_install'
[0.200s] Level 1:colcon.colcon_core.package_identification:_identify(src/ros2_study) by extensions ['colcon_pkg']
[0.201s] Level 1:colcon.colcon_core.package_identification:_identify(src/ros2_study) by extension 'colcon_pkg'
[0.201s] Level 1:colcon.colcon_core.package_identification:_identify(src/ros2_study) by extensions ['colcon_meta']
[0.201s] Level 1:colcon.colcon_core.package_identification:_identify(src/ros2_study) by extension 'colcon_meta'
[0.201s] Level 1:colcon.colcon_core.package_identification:_identify(src/ros2_study) by extensions ['ros']
[0.201s] Level 1:colcon.colcon_core.package_identification:_identify(src/ros2_study) by extension 'ros'
[0.201s] Level 1:colcon.colcon_core.package_identification:_identify(src/ros2_study) by extensions ['cmake', 'python']
[0.201s] Level 1:colcon.colcon_core.package_identification:_identify(src/ros2_study) by extension 'cmake'
[0.201s] Level 1:colcon.colcon_core.package_identification:_identify(src/ros2_study) by extension 'python'
[0.201s] Level 1:colcon.colcon_core.package_identification:_identify(src/ros2_study) by extensions ['python_setup_py']
[0.201s] Level 1:colcon.colcon_core.package_identification:_identify(src/ros2_study) by extension 'python_setup_py'
[0.201s] Level 1:colcon.colcon_core.package_identification:_identify(src/ros2_study/cv_msg) by extensions ['ignore', 'ignore_ament_install']
[0.201s] Level 1:colcon.colcon_core.package_identification:_identify(src/ros2_study/cv_msg) by extension 'ignore'
[0.201s] Level 1:colcon.colcon_core.package_identification:_identify(src/ros2_study/cv_msg) by extension 'ignore_ament_install'
[0.201s] Level 1:colcon.colcon_core.package_identification:_identify(src/ros2_study/cv_msg) by extensions ['colcon_pkg']
[0.201s] Level 1:colcon.colcon_core.package_identification:_identify(src/ros2_study/cv_msg) by extension 'colcon_pkg'
[0.201s] Level 1:colcon.colcon_core.package_identification:_identify(src/ros2_study/cv_msg) by extensions ['colcon_meta']
[0.201s] Level 1:colcon.colcon_core.package_identification:_identify(src/ros2_study/cv_msg) by extension 'colcon_meta'
[0.201s] Level 1:colcon.colcon_core.package_identification:_identify(src/ros2_study/cv_msg) by extensions ['ros']
[0.201s] Level 1:colcon.colcon_core.package_identification:_identify(src/ros2_study/cv_msg) by extension 'ros'
[0.202s] DEBUG:colcon.colcon_core.package_identification:Package 'src/ros2_study/cv_msg' with type 'ros.ament_cmake' and name 'cv_msg'
[0.202s] Level 1:colcon.colcon_core.package_identification:_identify(src/ros2_study/jdamr_ros_01) by extensions ['ignore', 'ignore_ament_install']
[0.202s] Level 1:colcon.colcon_core.package_identification:_identify(src/ros2_study/jdamr_ros_01) by extension 'ignore'
[0.202s] Level 1:colcon.colcon_core.package_identification:_identify(src/ros2_study/jdamr_ros_01) by extension 'ignore_ament_install'
[0.202s] Level 1:colcon.colcon_core.package_identification:_identify(src/ros2_study/jdamr_ros_01) by extensions ['colcon_pkg']
[0.202s] Level 1:colcon.colcon_core.package_identification:_identify(src/ros2_study/jdamr_ros_01) by extension 'colcon_pkg'
[0.202s] Level 1:colcon.colcon_core.package_identification:_identify(src/ros2_study/jdamr_ros_01) by extensions ['colcon_meta']
[0.202s] Level 1:colcon.colcon_core.package_identification:_identify(src/ros2_study/jdamr_ros_01) by extension 'colcon_meta'
[0.202s] Level 1:colcon.colcon_core.package_identification:_identify(src/ros2_study/jdamr_ros_01) by extensions ['ros']
[0.202s] Level 1:colcon.colcon_core.package_identification:_identify(src/ros2_study/jdamr_ros_01) by extension 'ros'
[0.203s] DEBUG:colcon.colcon_core.package_identification:Package 'src/ros2_study/jdamr_ros_01' with type 'ros.ament_python' and name 'jdamr_ros_01'
[0.203s] Level 1:colcon.colcon_core.package_identification:_identify(src/ros2_study/jdamr_ros_02) by extensions ['ignore', 'ignore_ament_install']
[0.203s] Level 1:colcon.colcon_core.package_identification:_identify(src/ros2_study/jdamr_ros_02) by extension 'ignore'
[0.204s] Level 1:colcon.colcon_core.package_identification:_identify(src/ros2_study/jdamr_ros_02) by extension 'ignore_ament_install'
[0.204s] Level 1:colcon.colcon_core.package_identification:_identify(src/ros2_study/jdamr_ros_02) by extensions ['colcon_pkg']
[0.204s] Level 1:colcon.colcon_core.package_identification:_identify(src/ros2_study/jdamr_ros_02) by extension 'colcon_pkg'
[0.204s] Level 1:colcon.colcon_core.package_identification:_identify(src/ros2_study/jdamr_ros_02) by extensions ['colcon_meta']
[0.204s] Level 1:colcon.colcon_core.package_identification:_identify(src/ros2_study/jdamr_ros_02) by extension 'colcon_meta'
[0.204s] Level 1:colcon.colcon_core.package_identification:_identify(src/ros2_study/jdamr_ros_02) by extensions ['ros']
[0.204s] Level 1:colcon.colcon_core.package_identification:_identify(src/ros2_study/jdamr_ros_02) by extension 'ros'
[0.204s] DEBUG:colcon.colcon_core.package_identification:Package 'src/ros2_study/jdamr_ros_02' with type 'ros.ament_python' and name 'jdamr_ros_02'
[0.205s] Level 1:colcon.colcon_core.package_identification:_identify(src/ros2_study/jdamr_ros_03) by extensions ['ignore', 'ignore_ament_install']
[0.205s] Level 1:colcon.colcon_core.package_identification:_identify(src/ros2_study/jdamr_ros_03) by extension 'ignore'
[0.205s] Level 1:colcon.colcon_core.package_identification:_identify(src/ros2_study/jdamr_ros_03) by extension 'ignore_ament_install'
[0.205s] Level 1:colcon.colcon_core.package_identification:_identify(src/ros2_study/jdamr_ros_03) by extensions ['colcon_pkg']
[0.205s] Level 1:colcon.colcon_core.package_identification:_identify(src/ros2_study/jdamr_ros_03) by extension 'colcon_pkg'
[0.205s] Level 1:colcon.colcon_core.package_identification:_identify(src/ros2_study/jdamr_ros_03) by extensions ['colcon_meta']
[0.205s] Level 1:colcon.colcon_core.package_identification:_identify(src/ros2_study/jdamr_ros_03) by extension 'colcon_meta'
[0.205s] Level 1:colcon.colcon_core.package_identification:_identify(src/ros2_study/jdamr_ros_03) by extensions ['ros']
[0.205s] Level 1:colcon.colcon_core.package_identification:_identify(src/ros2_study/jdamr_ros_03) by extension 'ros'
[0.205s] DEBUG:colcon.colcon_core.package_identification:Package 'src/ros2_study/jdamr_ros_03' with type 'ros.ament_python' and name 'jdamr_ros_03'
[0.206s] Level 1:colcon.colcon_core.package_identification:_identify(src/ros2_study/ros_cv_center) by extensions ['ignore', 'ignore_ament_install']
[0.206s] Level 1:colcon.colcon_core.package_identification:_identify(src/ros2_study/ros_cv_center) by extension 'ignore'
[0.206s] Level 1:colcon.colcon_core.package_identification:_identify(src/ros2_study/ros_cv_center) by extension 'ignore_ament_install'
[0.206s] Level 1:colcon.colcon_core.package_identification:_identify(src/ros2_study/ros_cv_center) by extensions ['colcon_pkg']
[0.206s] Level 1:colcon.colcon_core.package_identification:_identify(src/ros2_study/ros_cv_center) by extension 'colcon_pkg'
[0.206s] Level 1:colcon.colcon_core.package_identification:_identify(src/ros2_study/ros_cv_center) by extensions ['colcon_meta']
[0.206s] Level 1:colcon.colcon_core.package_identification:_identify(src/ros2_study/ros_cv_center) by extension 'colcon_meta'
[0.206s] Level 1:colcon.colcon_core.package_identification:_identify(src/ros2_study/ros_cv_center) by extensions ['ros']
[0.206s] Level 1:colcon.colcon_core.package_identification:_identify(src/ros2_study/ros_cv_center) by extension 'ros'
[0.207s] DEBUG:colcon.colcon_core.package_identification:Package 'src/ros2_study/ros_cv_center' with type 'ros.ament_python' and name 'ros_cv_center'
[0.208s] Level 1:colcon.colcon_core.package_identification:_identify(src/ros2_study/ros_cv_py) by extensions ['ignore', 'ignore_ament_install']
[0.208s] Level 1:colcon.colcon_core.package_identification:_identify(src/ros2_study/ros_cv_py) by extension 'ignore'
[0.208s] Level 1:colcon.colcon_core.package_identification:_identify(src/ros2_study/ros_cv_py) by extension 'ignore_ament_install'
[0.208s] Level 1:colcon.colcon_core.package_identification:_identify(src/ros2_study/ros_cv_py) by extensions ['colcon_pkg']
[0.208s] Level 1:colcon.colcon_core.package_identification:_identify(src/ros2_study/ros_cv_py) by extension 'colcon_pkg'
[0.208s] Level 1:colcon.colcon_core.package_identification:_identify(src/ros2_study/ros_cv_py) by extensions ['colcon_meta']
[0.208s] Level 1:colcon.colcon_core.package_identification:_identify(src/ros2_study/ros_cv_py) by extension 'colcon_meta'
[0.208s] Level 1:colcon.colcon_core.package_identification:_identify(src/ros2_study/ros_cv_py) by extensions ['ros']
[0.208s] Level 1:colcon.colcon_core.package_identification:_identify(src/ros2_study/ros_cv_py) by extension 'ros'
[0.209s] DEBUG:colcon.colcon_core.package_identification:Package 'src/ros2_study/ros_cv_py' with type 'ros.ament_python' and name 'ros_cv_py'
[0.209s] Level 1:colcon.colcon_core.package_identification:_identify(src/ros2_study/ros_serial_py) by extensions ['ignore', 'ignore_ament_install']
[0.209s] Level 1:colcon.colcon_core.package_identification:_identify(src/ros2_study/ros_serial_py) by extension 'ignore'
[0.209s] Level 1:colcon.colcon_core.package_identification:_identify(src/ros2_study/ros_serial_py) by extension 'ignore_ament_install'
[0.209s] Level 1:colcon.colcon_core.package_identification:_identify(src/ros2_study/ros_serial_py) by extensions ['colcon_pkg']
[0.209s] Level 1:colcon.colcon_core.package_identification:_identify(src/ros2_study/ros_serial_py) by extension 'colcon_pkg'
[0.209s] Level 1:colcon.colcon_core.package_identification:_identify(src/ros2_study/ros_serial_py) by extensions ['colcon_meta']
[0.209s] Level 1:colcon.colcon_core.package_identification:_identify(src/ros2_study/ros_serial_py) by extension 'colcon_meta'
[0.209s] Level 1:colcon.colcon_core.package_identification:_identify(src/ros2_study/ros_serial_py) by extensions ['ros']
[0.209s] Level 1:colcon.colcon_core.package_identification:_identify(src/ros2_study/ros_serial_py) by extension 'ros'
[0.210s] DEBUG:colcon.colcon_core.package_identification:Package 'src/ros2_study/ros_serial_py' with type 'ros.ament_python' and name 'ros_serial_py'
[0.210s] Level 1:colcon.colcon_core.package_identification:_identify(src/ros2_study/ros_topic) by extensions ['ignore', 'ignore_ament_install']
[0.210s] Level 1:colcon.colcon_core.package_identification:_identify(src/ros2_study/ros_topic) by extension 'ignore'
[0.210s] Level 1:colcon.colcon_core.package_identification:_identify(src/ros2_study/ros_topic) by extension 'ignore_ament_install'
[0.210s] Level 1:colcon.colcon_core.package_identification:_identify(src/ros2_study/ros_topic) by extensions ['colcon_pkg']
[0.210s] Level 1:colcon.colcon_core.package_identification:_identify(src/ros2_study/ros_topic) by extension 'colcon_pkg'
[0.210s] Level 1:colcon.colcon_core.package_identification:_identify(src/ros2_study/ros_topic) by extensions ['colcon_meta']
[0.210s] Level 1:colcon.colcon_core.package_identification:_identify(src/ros2_study/ros_topic) by extension 'colcon_meta'
[0.210s] Level 1:colcon.colcon_core.package_identification:_identify(src/ros2_study/ros_topic) by extensions ['ros']
[0.210s] Level 1:colcon.colcon_core.package_identification:_identify(src/ros2_study/ros_topic) by extension 'ros'
[0.211s] DEBUG:colcon.colcon_core.package_identification:Package 'src/ros2_study/ros_topic' with type 'ros.ament_cmake' and name 'ros_topic'
[0.211s] Level 1:colcon.colcon_core.package_identification:_identify(src/ros2_study/ros_topic_py) by extensions ['ignore', 'ignore_ament_install']
[0.211s] Level 1:colcon.colcon_core.package_identification:_identify(src/ros2_study/ros_topic_py) by extension 'ignore'
[0.211s] Level 1:colcon.colcon_core.package_identification:_identify(src/ros2_study/ros_topic_py) by extension 'ignore_ament_install'
[0.211s] Level 1:colcon.colcon_core.package_identification:_identify(src/ros2_study/ros_topic_py) by extensions ['colcon_pkg']
[0.211s] Level 1:colcon.colcon_core.package_identification:_identify(src/ros2_study/ros_topic_py) by extension 'colcon_pkg'
[0.211s] Level 1:colcon.colcon_core.package_identification:_identify(src/ros2_study/ros_topic_py) by extensions ['colcon_meta']
[0.211s] Level 1:colcon.colcon_core.package_identification:_identify(src/ros2_study/ros_topic_py) by extension 'colcon_meta'
[0.211s] Level 1:colcon.colcon_core.package_identification:_identify(src/ros2_study/ros_topic_py) by extensions ['ros']
[0.211s] Level 1:colcon.colcon_core.package_identification:_identify(src/ros2_study/ros_topic_py) by extension 'ros'
[0.212s] DEBUG:colcon.colcon_core.package_identification:Package 'src/ros2_study/ros_topic_py' with type 'ros.ament_python' and name 'ros_topic_py'
[0.212s] Level 1:colcon.colcon_core.package_identification:_identify(src/tutorial_interfaces) by extensions ['ignore', 'ignore_ament_install']
[0.212s] Level 1:colcon.colcon_core.package_identification:_identify(src/tutorial_interfaces) by extension 'ignore'
[0.212s] Level 1:colcon.colcon_core.package_identification:_identify(src/tutorial_interfaces) by extension 'ignore_ament_install'
[0.212s] Level 1:colcon.colcon_core.package_identification:_identify(src/tutorial_interfaces) by extensions ['colcon_pkg']
[0.212s] Level 1:colcon.colcon_core.package_identification:_identify(src/tutorial_interfaces) by extension 'colcon_pkg'
[0.212s] Level 1:colcon.colcon_core.package_identification:_identify(src/tutorial_interfaces) by extensions ['colcon_meta']
[0.212s] Level 1:colcon.colcon_core.package_identification:_identify(src/tutorial_interfaces) by extension 'colcon_meta'
[0.212s] Level 1:colcon.colcon_core.package_identification:_identify(src/tutorial_interfaces) by extensions ['ros']
[0.212s] Level 1:colcon.colcon_core.package_identification:_identify(src/tutorial_interfaces) by extension 'ros'
[0.213s] DEBUG:colcon.colcon_core.package_identification:Package 'src/tutorial_interfaces' with type 'ros.ament_cmake' and name 'tutorial_interfaces'
[0.213s] Level 1:colcon.colcon_core.package_identification:_identify(src/webcam_pub) by extensions ['ignore', 'ignore_ament_install']
[0.213s] Level 1:colcon.colcon_core.package_identification:_identify(src/webcam_pub) by extension 'ignore'
[0.213s] Level 1:colcon.colcon_core.package_identification:_identify(src/webcam_pub) by extension 'ignore_ament_install'
[0.213s] Level 1:colcon.colcon_core.package_identification:_identify(src/webcam_pub) by extensions ['colcon_pkg']
[0.213s] Level 1:colcon.colcon_core.package_identification:_identify(src/webcam_pub) by extension 'colcon_pkg'
[0.213s] Level 1:colcon.colcon_core.package_identification:_identify(src/webcam_pub) by extensions ['colcon_meta']
[0.213s] Level 1:colcon.colcon_core.package_identification:_identify(src/webcam_pub) by extension 'colcon_meta'
[0.213s] Level 1:colcon.colcon_core.package_identification:_identify(src/webcam_pub) by extensions ['ros']
[0.213s] Level 1:colcon.colcon_core.package_identification:_identify(src/webcam_pub) by extension 'ros'
[0.214s] DEBUG:colcon.colcon_core.package_identification:Found ROS schema reference in package manifest in 'src/webcam_pub'
[0.214s] WARNING:colcon.colcon_core.package_identification:Failed to parse ROS package manifest in 'src/webcam_pub': Error(s) in package 'src/webcam_pub/package.xml':
Error(s):
- The generic dependency on 'rclpy' is redundant with: exec_depend
- The generic dependency on 'sensor_msgs' is redundant with: exec_depend
- The generic dependency on 'cv_bridge' is redundant with: exec_depend
[0.214s] Level 1:colcon.colcon_core.package_identification:_identify(src/webcam_pub) by extensions ['cmake', 'python']
[0.214s] Level 1:colcon.colcon_core.package_identification:_identify(src/webcam_pub) by extension 'cmake'
[0.214s] Level 1:colcon.colcon_core.package_identification:_identify(src/webcam_pub) by extension 'python'
[0.214s] DEBUG:colcon.colcon_core.package_identification:Python package in 'src/webcam_pub' passes arguments to the setup() function which requires a different identification extension than 'python'
[0.214s] Level 1:colcon.colcon_core.package_identification:_identify(src/webcam_pub) by extensions ['python_setup_py']
[0.214s] Level 1:colcon.colcon_core.package_identification:_identify(src/webcam_pub) by extension 'python_setup_py'
[0.366s] DEBUG:colcon.colcon_core.package_identification:Package 'src/webcam_pub' with type 'python' and name 'webcam_pub'
[0.366s] Level 1:colcon.colcon_core.package_discovery:discover_packages(recursive) using defaults
[0.366s] Level 1:colcon.colcon_core.package_discovery:discover_packages(ignore) discover
[0.366s] Level 1:colcon.colcon_core.package_discovery:discover_packages(ignore) using defaults
[0.366s] Level 1:colcon.colcon_core.package_discovery:discover_packages(path) discover
[0.366s] Level 1:colcon.colcon_core.package_discovery:discover_packages(path) using defaults
[0.388s] INFO:colcon.colcon_core.package_selection:Skipping not selected package 'action_tutorials_interfaces' in 'src/action_tutorials_interfaces'
[0.388s] INFO:colcon.colcon_core.package_selection:Skipping not selected package 'cv_msg' in 'src/ros2_study/cv_msg'
[0.388s] INFO:colcon.colcon_core.package_selection:Skipping not selected package 'jdamr_ros_01' in 'src/ros2_study/jdamr_ros_01'
[0.388s] INFO:colcon.colcon_core.package_selection:Skipping not selected package 'jdamr_ros_02' in 'src/ros2_study/jdamr_ros_02'
[0.388s] INFO:colcon.colcon_core.package_selection:Skipping not selected package 'jdamr_ros_03' in 'src/ros2_study/jdamr_ros_03'
[0.388s] INFO:colcon.colcon_core.package_selection:Skipping not selected package 'jdcobot_100_description' in 'src/jdcobot_100_description'
[0.388s] INFO:colcon.colcon_core.package_selection:Skipping not selected package 'my_camera' in 'src/my_camera'
[0.388s] INFO:colcon.colcon_core.package_selection:Skipping not selected package 'my_package_cpp' in 'src/my_package_cpp'
[0.389s] INFO:colcon.colcon_core.package_selection:Skipping not selected package 'my_package_py' in 'src/my_package_py'
[0.389s] INFO:colcon.colcon_core.package_selection:Skipping not selected package 'py_launch_example' in 'src/py_launch_example'
[0.389s] INFO:colcon.colcon_core.package_selection:Skipping not selected package 'py_srvcli' in 'src/py_srvcli'
[0.389s] INFO:colcon.colcon_core.package_selection:Skipping not selected package 'ros_cv_center' in 'src/ros2_study/ros_cv_center'
[0.389s] INFO:colcon.colcon_core.package_selection:Skipping not selected package 'ros_cv_py' in 'src/ros2_study/ros_cv_py'
[0.389s] INFO:colcon.colcon_core.package_selection:Skipping not selected package 'ros_serial_py' in 'src/ros2_study/ros_serial_py'
[0.389s] INFO:colcon.colcon_core.package_selection:Skipping not selected package 'ros_topic' in 'src/ros2_study/ros_topic'
[0.389s] INFO:colcon.colcon_core.package_selection:Skipping not selected package 'ros_topic_py' in 'src/ros2_study/ros_topic_py'
[0.389s] INFO:colcon.colcon_core.package_selection:Skipping not selected package 'tutorial_interfaces' in 'src/tutorial_interfaces'
[0.389s] INFO:colcon.colcon_core.package_selection:Skipping not selected package 'action_tutorials_py' in 'src/action_tutorials_py'
[0.389s] INFO:colcon.colcon_core.package_selection:Skipping not selected package 'py_pubsub' in 'src/py_pubsub'
[0.389s] Level 1:colcon.colcon_core.package_discovery:discover_packages(prefix_path) check parameters
[0.389s] Level 1:colcon.colcon_core.package_discovery:discover_packages(prefix_path) discover
[0.397s] DEBUG:colcon.colcon_installed_package_information.package_discovery:Found 9 installed packages in /home/i/ros2_ws/install
[0.398s] DEBUG:colcon.colcon_installed_package_information.package_discovery:Found 320 installed packages in /opt/ros/humble
[0.399s] Level 1:colcon.colcon_core.package_discovery:discover_packages(prefix_path) using defaults
[0.422s] Level 5:colcon.colcon_core.verb:set package 'webcam_pub' build argument 'cmake_args' from command line to 'None'
[0.422s] Level 5:colcon.colcon_core.verb:set package 'webcam_pub' build argument 'cmake_target' from command line to 'None'
[0.422s] Level 5:colcon.colcon_core.verb:set package 'webcam_pub' build argument 'cmake_target_skip_unavailable' from command line to 'False'
[0.422s] Level 5:colcon.colcon_core.verb:set package 'webcam_pub' build argument 'cmake_clean_cache' from command line to 'False'
[0.422s] Level 5:colcon.colcon_core.verb:set package 'webcam_pub' build argument 'cmake_clean_first' from command line to 'False'
[0.422s] Level 5:colcon.colcon_core.verb:set package 'webcam_pub' build argument 'cmake_force_configure' from command line to 'False'
[0.422s] Level 5:colcon.colcon_core.verb:set package 'webcam_pub' build argument 'ament_cmake_args' from command line to 'None'
[0.422s] Level 5:colcon.colcon_core.verb:set package 'webcam_pub' build argument 'catkin_cmake_args' from command line to 'None'
[0.422s] Level 5:colcon.colcon_core.verb:set package 'webcam_pub' build argument 'catkin_skip_building_tests' from command line to 'False'
[0.422s] DEBUG:colcon.colcon_core.verb:Building package 'webcam_pub' with the following arguments: {'ament_cmake_args': None, 'build_base': '/home/i/ros2_ws/build/webcam_pub', 'catkin_cmake_args': None, 'catkin_skip_building_tests': False, 'cmake_args': None, 'cmake_clean_cache': False, 'cmake_clean_first': False, 'cmake_force_configure': False, 'cmake_target': None, 'cmake_target_skip_unavailable': False, 'install_base': '/home/i/ros2_ws/install/webcam_pub', 'merge_install': False, 'path': '/home/i/ros2_ws/src/webcam_pub', 'symlink_install': False, 'test_result_base': None}
[0.422s] INFO:colcon.colcon_core.executor:Executing jobs using 'parallel' executor
[0.423s] DEBUG:colcon.colcon_parallel_executor.executor.parallel:run_until_complete
[0.423s] INFO:colcon.colcon_core.task.python.build:Building Python package in '/home/i/ros2_ws/src/webcam_pub'
[0.426s] INFO:colcon.colcon_core.plugin_system:Skipping extension 'colcon_core.shell.bat': Not used on non-Windows systems
[0.426s] INFO:colcon.colcon_core.shell:Skip shell extension 'powershell' for command environment: Not usable outside of PowerShell
[0.426s] DEBUG:colcon.colcon_core.shell:Skip shell extension 'dsv' for command environment
[0.853s] DEBUG:colcon.colcon_core.event_handler.log_command:Invoking command in '/home/i/ros2_ws/src/webcam_pub': PYTHONPATH=/home/i/ros2_ws/build/webcam_pub/prefix_override:/usr/lib/python3/dist-packages/colcon_core/task/python/colcon_distutils_commands:/home/i/ros2_ws/install/webcam_pub/lib/python3.10/site-packages:${PYTHONPATH} /usr/bin/python3 -W ignore:setup.py install is deprecated setup.py egg_info --egg-base ../../build/webcam_pub build --build-base /home/i/ros2_ws/build/webcam_pub/build install --record /home/i/ros2_ws/build/webcam_pub/install.log --single-version-externally-managed install_data
[1.039s] DEBUG:colcon.colcon_core.event_handler.log_command:Invoked command in '/home/i/ros2_ws/src/webcam_pub' returned '0': PYTHONPATH=/home/i/ros2_ws/build/webcam_pub/prefix_override:/usr/lib/python3/dist-packages/colcon_core/task/python/colcon_distutils_commands:/home/i/ros2_ws/install/webcam_pub/lib/python3.10/site-packages:${PYTHONPATH} /usr/bin/python3 -W ignore:setup.py install is deprecated setup.py egg_info --egg-base ../../build/webcam_pub build --build-base /home/i/ros2_ws/build/webcam_pub/build install --record /home/i/ros2_ws/build/webcam_pub/install.log --single-version-externally-managed install_data
[1.040s] Level 1:colcon.colcon_core.environment:checking '/home/i/ros2_ws/install/webcam_pub' for CMake module files
[1.041s] Level 1:colcon.colcon_core.environment:checking '/home/i/ros2_ws/install/webcam_pub' for CMake config files
[1.041s] Level 1:colcon.colcon_core.environment:checking '/home/i/ros2_ws/install/webcam_pub/lib'
[1.041s] Level 1:colcon.colcon_core.environment:checking '/home/i/ros2_ws/install/webcam_pub/bin'
[1.041s] Level 1:colcon.colcon_core.environment:checking '/home/i/ros2_ws/install/webcam_pub/lib/pkgconfig/webcam_pub.pc'
[1.041s] Level 1:colcon.colcon_core.environment:checking '/home/i/ros2_ws/install/webcam_pub/lib/python3.10/site-packages'
[1.041s] Level 1:colcon.colcon_core.shell:create_environment_hook('webcam_pub', 'pythonpath')
[1.042s] INFO:colcon.colcon_core.shell:Creating environment hook '/home/i/ros2_ws/install/webcam_pub/share/webcam_pub/hook/pythonpath.ps1'
[1.042s] INFO:colcon.colcon_core.shell:Creating environment descriptor '/home/i/ros2_ws/install/webcam_pub/share/webcam_pub/hook/pythonpath.dsv'
[1.043s] INFO:colcon.colcon_core.shell:Creating environment hook '/home/i/ros2_ws/install/webcam_pub/share/webcam_pub/hook/pythonpath.sh'
[1.044s] Level 1:colcon.colcon_core.environment:checking '/home/i/ros2_ws/install/webcam_pub/bin'
[1.044s] Level 1:colcon.colcon_core.environment:create_environment_scripts_only(webcam_pub)
[1.044s] INFO:colcon.colcon_core.shell:Creating package script '/home/i/ros2_ws/install/webcam_pub/share/webcam_pub/package.ps1'
[1.045s] INFO:colcon.colcon_core.shell:Creating package descriptor '/home/i/ros2_ws/install/webcam_pub/share/webcam_pub/package.dsv'
[1.045s] INFO:colcon.colcon_core.shell:Creating package script '/home/i/ros2_ws/install/webcam_pub/share/webcam_pub/package.sh'
[1.046s] INFO:colcon.colcon_core.shell:Creating package script '/home/i/ros2_ws/install/webcam_pub/share/webcam_pub/package.bash'
[1.047s] INFO:colcon.colcon_core.shell:Creating package script '/home/i/ros2_ws/install/webcam_pub/share/webcam_pub/package.zsh'
[1.048s] Level 1:colcon.colcon_core.environment:create_file_with_runtime_dependencies(/home/i/ros2_ws/install/webcam_pub/share/colcon-core/packages/webcam_pub)
[1.048s] DEBUG:colcon.colcon_parallel_executor.executor.parallel:closing loop
[1.049s] DEBUG:colcon.colcon_parallel_executor.executor.parallel:loop closed
[1.049s] DEBUG:colcon.colcon_parallel_executor.executor.parallel:run_until_complete finished with '0'
[1.049s] DEBUG:colcon.colcon_core.event_reactor:joining thread
[1.052s] INFO:colcon.colcon_core.plugin_system:Skipping extension 'colcon_notification.desktop_notification.terminal_notifier': Not used on non-Darwin systems
[1.053s] INFO:colcon.colcon_core.plugin_system:Skipping extension 'colcon_notification.desktop_notification.win32': Not used on non-Windows systems
[1.053s] INFO:colcon.colcon_notification.desktop_notification:Sending desktop notification using 'notify2'
[1.062s] DEBUG:colcon.colcon_core.event_reactor:joined thread
[1.062s] INFO:colcon.colcon_core.shell:Creating prefix script '/home/i/ros2_ws/install/local_setup.ps1'
[1.063s] INFO:colcon.colcon_core.shell:Creating prefix util module '/home/i/ros2_ws/install/_local_setup_util_ps1.py'
[1.064s] INFO:colcon.colcon_core.shell:Creating prefix chain script '/home/i/ros2_ws/install/setup.ps1'
[1.066s] INFO:colcon.colcon_core.shell:Creating prefix script '/home/i/ros2_ws/install/local_setup.sh'
[1.067s] INFO:colcon.colcon_core.shell:Creating prefix util module '/home/i/ros2_ws/install/_local_setup_util_sh.py'
[1.067s] INFO:colcon.colcon_core.shell:Creating prefix chain script '/home/i/ros2_ws/install/setup.sh'
[1.068s] INFO:colcon.colcon_core.shell:Creating prefix script '/home/i/ros2_ws/install/local_setup.bash'
[1.068s] INFO:colcon.colcon_core.shell:Creating prefix chain script '/home/i/ros2_ws/install/setup.bash'
[1.069s] INFO:colcon.colcon_core.shell:Creating prefix script '/home/i/ros2_ws/install/local_setup.zsh'
[1.070s] INFO:colcon.colcon_core.shell:Creating prefix chain script '/home/i/ros2_ws/install/setup.zsh'
