[0.013s] Invoking command in '/home/i/ros2_ws/build/my_package_cpp': CMAKE_PREFIX_PATH=/opt/ros/humble /usr/bin/cmake --build /home/i/ros2_ws/build/my_package_cpp -- -j4 -l4
[0.060s] [35m[1mConsolidate compiler generated dependencies of target my_node[0m
[0.071s] [100%] Built target my_node
[0.080s] Invoked command in '/home/i/ros2_ws/build/my_package_cpp' returned '0': CMAKE_PREFIX_PATH=/opt/ros/humble /usr/bin/cmake --build /home/i/ros2_ws/build/my_package_cpp -- -j4 -l4
[0.128s] Invoking command in '/home/i/ros2_ws/build/my_package_cpp': CMAKE_PREFIX_PATH=/opt/ros/humble /usr/bin/cmake --install /home/i/ros2_ws/build/my_package_cpp
[0.141s] -- Install configuration: ""
[0.141s] -- Up-to-date: /home/i/ros2_ws/install/my_package_cpp/lib/my_package_cpp/my_node
[0.141s] -- Up-to-date: /home/i/ros2_ws/install/my_package_cpp/share/ament_index/resource_index/package_run_dependencies/my_package_cpp
[0.141s] -- Up-to-date: /home/i/ros2_ws/install/my_package_cpp/share/ament_index/resource_index/parent_prefix_path/my_package_cpp
[0.141s] -- Up-to-date: /home/i/ros2_ws/install/my_package_cpp/share/my_package_cpp/environment/ament_prefix_path.sh
[0.141s] -- Up-to-date: /home/i/ros2_ws/install/my_package_cpp/share/my_package_cpp/environment/ament_prefix_path.dsv
[0.141s] -- Up-to-date: /home/i/ros2_ws/install/my_package_cpp/share/my_package_cpp/environment/path.sh
[0.141s] -- Up-to-date: /home/i/ros2_ws/install/my_package_cpp/share/my_package_cpp/environment/path.dsv
[0.141s] -- Up-to-date: /home/i/ros2_ws/install/my_package_cpp/share/my_package_cpp/local_setup.bash
[0.141s] -- Up-to-date: /home/i/ros2_ws/install/my_package_cpp/share/my_package_cpp/local_setup.sh
[0.141s] -- Up-to-date: /home/i/ros2_ws/install/my_package_cpp/share/my_package_cpp/local_setup.zsh
[0.141s] -- Up-to-date: /home/i/ros2_ws/install/my_package_cpp/share/my_package_cpp/local_setup.dsv
[0.142s] -- Up-to-date: /home/i/ros2_ws/install/my_package_cpp/share/my_package_cpp/package.dsv
[0.142s] -- Up-to-date: /home/i/ros2_ws/install/my_package_cpp/share/ament_index/resource_index/packages/my_package_cpp
[0.142s] -- Up-to-date: /home/i/ros2_ws/install/my_package_cpp/share/my_package_cpp/cmake/my_package_cppConfig.cmake
[0.142s] -- Up-to-date: /home/i/ros2_ws/install/my_package_cpp/share/my_package_cpp/cmake/my_package_cppConfig-version.cmake
[0.142s] -- Up-to-date: /home/i/ros2_ws/install/my_package_cpp/share/my_package_cpp/package.xml
[0.144s] Invoked command in '/home/i/ros2_ws/build/my_package_cpp' returned '0': CMAKE_PREFIX_PATH=/opt/ros/humble /usr/bin/cmake --install /home/i/ros2_ws/build/my_package_cpp
