running egg_info
writing ../../build/webcam_pub/webcam_pub.egg-info/PKG-INFO
writing dependency_links to ../../build/webcam_pub/webcam_pub.egg-info/dependency_links.txt
writing entry points to ../../build/webcam_pub/webcam_pub.egg-info/entry_points.txt
writing requirements to ../../build/webcam_pub/webcam_pub.egg-info/requires.txt
writing top-level names to ../../build/webcam_pub/webcam_pub.egg-info/top_level.txt
reading manifest file '../../build/webcam_pub/webcam_pub.egg-info/SOURCES.txt'
writing manifest file '../../build/webcam_pub/webcam_pub.egg-info/SOURCES.txt'
running build
running build_py
running install
running install_lib
running install_data
running install_egg_info
removing '/home/i/ros2_ws/install/webcam_pub/lib/python3.10/site-packages/webcam_pub-0.0.0-py3.10.egg-info' (and everything under it)
Copying ../../build/webcam_pub/webcam_pub.egg-info to /home/i/ros2_ws/install/webcam_pub/lib/python3.10/site-packages/webcam_pub-0.0.0-py3.10.egg-info
running install_scripts
Installing cam_pub script to /home/i/ros2_ws/install/webcam_pub/lib/webcam_pub
Installing webcam_pub script to /home/i/ros2_ws/install/webcam_pub/lib/webcam_pub
writing list of installed files to '/home/i/ros2_ws/build/webcam_pub/install.log'
