running egg_info
creating ../../build/my_package_py/my_package_py.egg-info
writing ../../build/my_package_py/my_package_py.egg-info/PKG-INFO
writing dependency_links to ../../build/my_package_py/my_package_py.egg-info/dependency_links.txt
writing entry points to ../../build/my_package_py/my_package_py.egg-info/entry_points.txt
writing requirements to ../../build/my_package_py/my_package_py.egg-info/requires.txt
writing top-level names to ../../build/my_package_py/my_package_py.egg-info/top_level.txt
writing manifest file '../../build/my_package_py/my_package_py.egg-info/SOURCES.txt'
reading manifest file '../../build/my_package_py/my_package_py.egg-info/SOURCES.txt'
writing manifest file '../../build/my_package_py/my_package_py.egg-info/SOURCES.txt'
running build
running build_py
creating /home/i/ros2_ws/build/my_package_py/build
creating /home/i/ros2_ws/build/my_package_py/build/lib
creating /home/i/ros2_ws/build/my_package_py/build/lib/my_package_py
copying my_package_py/__init__.py -> /home/i/ros2_ws/build/my_package_py/build/lib/my_package_py
copying my_package_py/my_node.py -> /home/i/ros2_ws/build/my_package_py/build/lib/my_package_py
running install
running install_lib
creating /home/i/ros2_ws/install/my_package_py/lib/python3.10/site-packages/my_package_py
copying /home/i/ros2_ws/build/my_package_py/build/lib/my_package_py/__init__.py -> /home/i/ros2_ws/install/my_package_py/lib/python3.10/site-packages/my_package_py
copying /home/i/ros2_ws/build/my_package_py/build/lib/my_package_py/my_node.py -> /home/i/ros2_ws/install/my_package_py/lib/python3.10/site-packages/my_package_py
byte-compiling /home/i/ros2_ws/install/my_package_py/lib/python3.10/site-packages/my_package_py/__init__.py to __init__.cpython-310.pyc
byte-compiling /home/i/ros2_ws/install/my_package_py/lib/python3.10/site-packages/my_package_py/my_node.py to my_node.cpython-310.pyc
running install_data
creating /home/i/ros2_ws/install/my_package_py/share/ament_index
creating /home/i/ros2_ws/install/my_package_py/share/ament_index/resource_index
creating /home/i/ros2_ws/install/my_package_py/share/ament_index/resource_index/packages
copying resource/my_package_py -> /home/i/ros2_ws/install/my_package_py/share/ament_index/resource_index/packages
copying package.xml -> /home/i/ros2_ws/install/my_package_py/share/my_package_py
running install_egg_info
Copying ../../build/my_package_py/my_package_py.egg-info to /home/i/ros2_ws/install/my_package_py/lib/python3.10/site-packages/my_package_py-0.0.0-py3.10.egg-info
running install_scripts
Installing my_node script to /home/i/ros2_ws/install/my_package_py/lib/my_package_py
writing list of installed files to '/home/i/ros2_ws/build/my_package_py/install.log'
