running egg_info
creating ../../../build/jdamr_ros_03/jdamr_ros_03.egg-info
writing ../../../build/jdamr_ros_03/jdamr_ros_03.egg-info/PKG-INFO
writing dependency_links to ../../../build/jdamr_ros_03/jdamr_ros_03.egg-info/dependency_links.txt
writing entry points to ../../../build/jdamr_ros_03/jdamr_ros_03.egg-info/entry_points.txt
writing requirements to ../../../build/jdamr_ros_03/jdamr_ros_03.egg-info/requires.txt
writing top-level names to ../../../build/jdamr_ros_03/jdamr_ros_03.egg-info/top_level.txt
writing manifest file '../../../build/jdamr_ros_03/jdamr_ros_03.egg-info/SOURCES.txt'
reading manifest file '../../../build/jdamr_ros_03/jdamr_ros_03.egg-info/SOURCES.txt'
adding license file 'LICENSE'
writing manifest file '../../../build/jdamr_ros_03/jdamr_ros_03.egg-info/SOURCES.txt'
running build
running build_py
creating /home/i/ros2_ws/build/jdamr_ros_03/build
creating /home/i/ros2_ws/build/jdamr_ros_03/build/lib
creating /home/i/ros2_ws/build/jdamr_ros_03/build/lib/jdamr_ros_03
copying jdamr_ros_03/__init__.py -> /home/i/ros2_ws/build/jdamr_ros_03/build/lib/jdamr_ros_03
copying jdamr_ros_03/jdamr_ros_03.py -> /home/i/ros2_ws/build/jdamr_ros_03/build/lib/jdamr_ros_03
running install
running install_lib
creating /home/i/ros2_ws/install/jdamr_ros_03/lib/python3.10/site-packages/jdamr_ros_03
copying /home/i/ros2_ws/build/jdamr_ros_03/build/lib/jdamr_ros_03/__init__.py -> /home/i/ros2_ws/install/jdamr_ros_03/lib/python3.10/site-packages/jdamr_ros_03
copying /home/i/ros2_ws/build/jdamr_ros_03/build/lib/jdamr_ros_03/jdamr_ros_03.py -> /home/i/ros2_ws/install/jdamr_ros_03/lib/python3.10/site-packages/jdamr_ros_03
byte-compiling /home/i/ros2_ws/install/jdamr_ros_03/lib/python3.10/site-packages/jdamr_ros_03/__init__.py to __init__.cpython-310.pyc
byte-compiling /home/i/ros2_ws/install/jdamr_ros_03/lib/python3.10/site-packages/jdamr_ros_03/jdamr_ros_03.py to jdamr_ros_03.cpython-310.pyc
running install_data
creating /home/i/ros2_ws/install/jdamr_ros_03/share/ament_index
creating /home/i/ros2_ws/install/jdamr_ros_03/share/ament_index/resource_index
creating /home/i/ros2_ws/install/jdamr_ros_03/share/ament_index/resource_index/packages
copying resource/jdamr_ros_03 -> /home/i/ros2_ws/install/jdamr_ros_03/share/ament_index/resource_index/packages
copying package.xml -> /home/i/ros2_ws/install/jdamr_ros_03/share/jdamr_ros_03
creating /home/i/ros2_ws/install/jdamr_ros_03/share/jdamr_ros_03/launch
copying launch/jdamr_launch.py -> /home/i/ros2_ws/install/jdamr_ros_03/share/jdamr_ros_03/launch
creating /home/i/ros2_ws/install/jdamr_ros_03/share/jdamr_ros_03/urdf
copying urdf/jdamr.urdf -> /home/i/ros2_ws/install/jdamr_ros_03/share/jdamr_ros_03/urdf
creating /home/i/ros2_ws/install/jdamr_ros_03/share/jdamr_ros_03/rviz
copying rviz/jdamr_rviz.rviz -> /home/i/ros2_ws/install/jdamr_ros_03/share/jdamr_ros_03/rviz
running install_egg_info
Copying ../../../build/jdamr_ros_03/jdamr_ros_03.egg-info to /home/i/ros2_ws/install/jdamr_ros_03/lib/python3.10/site-packages/jdamr_ros_03-0.0.0-py3.10.egg-info
running install_scripts
Installing jdamr_03 script to /home/i/ros2_ws/install/jdamr_ros_03/lib/jdamr_ros_03
writing list of installed files to '/home/i/ros2_ws/build/jdamr_ros_03/install.log'
