[0.014s] Invoking command in '/home/i/ros2_ws/build/my_robot_description': CMAKE_PREFIX_PATH=${CMAKE_PREFIX_PATH}:/home/i/ros2_ws/install/jdamr_ros_03:/home/i/ros2_ws/install/webcam_pub:/home/i/ros2_ws/install/py_pubsub:/home/i/ros2_ws/install/py_srvcli:/home/i/ros2_ws/install/py_launch_example:/home/i/ros2_ws/install/my_package_py:/home/i/ros2_ws/install/my_camera:/home/i/ros2_ws/install/jdcobot_100_description:/opt/ros/humble /usr/bin/cmake --build /home/i/ros2_ws/build/my_robot_description -- -j4 -l4
[0.036s] -- Found ament_cmake: 1.3.10 (/opt/ros/humble/share/ament_cmake/cmake)
[0.142s] -- Found urdf: 2.6.0 (/opt/ros/humble/share/urdf/cmake)
[0.161s] -- Found rclcpp: 16.0.10 (/opt/ros/humble/share/rclcpp/cmake)
[0.171s] -- Found rosidl_generator_c: 3.1.5 (/opt/ros/humble/share/rosidl_generator_c/cmake)
[0.173s] -- Found rosidl_adapter: 3.1.5 (/opt/ros/humble/share/rosidl_adapter/cmake)
[0.177s] -- Found rosidl_generator_cpp: 3.1.5 (/opt/ros/humble/share/rosidl_generator_cpp/cmake)
[0.187s] -- Using all available rosidl_typesupport_c: rosidl_typesupport_fastrtps_c;rosidl_typesupport_introspection_c
[0.189s] -- Using all available rosidl_typesupport_cpp: rosidl_typesupport_fastrtps_cpp;rosidl_typesupport_introspection_cpp
[0.209s] -- Found rmw_implementation_cmake: 6.1.2 (/opt/ros/humble/share/rmw_implementation_cmake/cmake)
[0.210s] -- Found rmw_fastrtps_cpp: 6.2.7 (/opt/ros/humble/share/rmw_fastrtps_cpp/cmake)
[0.221s] -- Found TinyXML2 via Config file: TinyXML2_DIR-NOTFOUND
[0.228s] -- Found TinyXML2 via Config file: TinyXML2_DIR-NOTFOUND
[0.240s] -- Found TinyXML2 via Config file: TinyXML2_DIR-NOTFOUND
[0.246s] -- Found TinyXML2 via Config file: TinyXML2_DIR-NOTFOUND
[0.256s] -- Using RMW implementation 'rmw_fastrtps_cpp' as default
[0.298s] -- Found sensor_msgs: 4.2.4 (/opt/ros/humble/share/sensor_msgs/cmake)
[0.314s] -- Found ament_lint_auto: 0.12.11 (/opt/ros/humble/share/ament_lint_auto/cmake)
[0.385s] -- Added test 'lint_cmake' to check CMake code style
[0.387s] -- Added test 'xmllint' to check XML markup files
[0.390s] -- Configuring done
[0.398s] -- Generating done
[0.400s] -- Build files have been written to: /home/i/ros2_ws/build/my_robot_description
[0.424s] Invoked command in '/home/i/ros2_ws/build/my_robot_description' returned '0': CMAKE_PREFIX_PATH=${CMAKE_PREFIX_PATH}:/home/i/ros2_ws/install/jdamr_ros_03:/home/i/ros2_ws/install/webcam_pub:/home/i/ros2_ws/install/py_pubsub:/home/i/ros2_ws/install/py_srvcli:/home/i/ros2_ws/install/py_launch_example:/home/i/ros2_ws/install/my_package_py:/home/i/ros2_ws/install/my_camera:/home/i/ros2_ws/install/jdcobot_100_description:/opt/ros/humble /usr/bin/cmake --build /home/i/ros2_ws/build/my_robot_description -- -j4 -l4
[0.470s] Invoking command in '/home/i/ros2_ws/build/my_robot_description': CMAKE_PREFIX_PATH=${CMAKE_PREFIX_PATH}:/home/i/ros2_ws/install/jdamr_ros_03:/home/i/ros2_ws/install/webcam_pub:/home/i/ros2_ws/install/py_pubsub:/home/i/ros2_ws/install/py_srvcli:/home/i/ros2_ws/install/py_launch_example:/home/i/ros2_ws/install/my_package_py:/home/i/ros2_ws/install/my_camera:/home/i/ros2_ws/install/jdcobot_100_description:/opt/ros/humble /usr/bin/cmake --install /home/i/ros2_ws/build/my_robot_description
[0.476s] -- Install configuration: ""
[0.476s] -- Up-to-date: /home/i/ros2_ws/install/my_robot_description/share/my_robot_description/urdf
[0.476s] -- Installing: /home/i/ros2_ws/install/my_robot_description/share/my_robot_description/urdf/pan_tilt.urdf
[0.476s] -- Up-to-date: /home/i/ros2_ws/install/my_robot_description/share/ament_index/resource_index/package_run_dependencies/my_robot_description
[0.476s] -- Installing: /home/i/ros2_ws/install/my_robot_description/share/ament_index/resource_index/parent_prefix_path/my_robot_description
[0.476s] -- Up-to-date: /home/i/ros2_ws/install/my_robot_description/share/my_robot_description/environment/ament_prefix_path.sh
[0.476s] -- Installing: /home/i/ros2_ws/install/my_robot_description/share/my_robot_description/environment/ament_prefix_path.dsv
[0.476s] -- Up-to-date: /home/i/ros2_ws/install/my_robot_description/share/my_robot_description/environment/path.sh
[0.477s] -- Installing: /home/i/ros2_ws/install/my_robot_description/share/my_robot_description/environment/path.dsv
[0.477s] -- Up-to-date: /home/i/ros2_ws/install/my_robot_description/share/my_robot_description/local_setup.bash
[0.477s] -- Up-to-date: /home/i/ros2_ws/install/my_robot_description/share/my_robot_description/local_setup.sh
[0.477s] -- Up-to-date: /home/i/ros2_ws/install/my_robot_description/share/my_robot_description/local_setup.zsh
[0.477s] -- Installing: /home/i/ros2_ws/install/my_robot_description/share/my_robot_description/local_setup.dsv
[0.477s] -- Installing: /home/i/ros2_ws/install/my_robot_description/share/my_robot_description/package.dsv
[0.477s] -- Up-to-date: /home/i/ros2_ws/install/my_robot_description/share/ament_index/resource_index/packages/my_robot_description
[0.477s] -- Up-to-date: /home/i/ros2_ws/install/my_robot_description/share/my_robot_description/cmake/my_robot_descriptionConfig.cmake
[0.477s] -- Up-to-date: /home/i/ros2_ws/install/my_robot_description/share/my_robot_description/cmake/my_robot_descriptionConfig-version.cmake
[0.477s] -- Up-to-date: /home/i/ros2_ws/install/my_robot_description/share/my_robot_description/package.xml
[0.478s] Invoked command in '/home/i/ros2_ws/build/my_robot_description' returned '0': CMAKE_PREFIX_PATH=${CMAKE_PREFIX_PATH}:/home/i/ros2_ws/install/jdamr_ros_03:/home/i/ros2_ws/install/webcam_pub:/home/i/ros2_ws/install/py_pubsub:/home/i/ros2_ws/install/py_srvcli:/home/i/ros2_ws/install/py_launch_example:/home/i/ros2_ws/install/my_package_py:/home/i/ros2_ws/install/my_camera:/home/i/ros2_ws/install/jdcobot_100_description:/opt/ros/humble /usr/bin/cmake --install /home/i/ros2_ws/build/my_robot_description
