running egg_info
writing ../../../build/jdamr_ros_03/jdamr_ros_03.egg-info/PKG-INFO
writing dependency_links to ../../../build/jdamr_ros_03/jdamr_ros_03.egg-info/dependency_links.txt
writing entry points to ../../../build/jdamr_ros_03/jdamr_ros_03.egg-info/entry_points.txt
writing requirements to ../../../build/jdamr_ros_03/jdamr_ros_03.egg-info/requires.txt
writing top-level names to ../../../build/jdamr_ros_03/jdamr_ros_03.egg-info/top_level.txt
reading manifest file '../../../build/jdamr_ros_03/jdamr_ros_03.egg-info/SOURCES.txt'
adding license file 'LICENSE'
writing manifest file '../../../build/jdamr_ros_03/jdamr_ros_03.egg-info/SOURCES.txt'
running build
running build_py
running install
running install_lib
running install_data
copying urdf/jdamr.urdf -> /home/i/ros2_ws/install/jdamr_ros_03/share/jdamr_ros_03/urdf
running install_egg_info
removing '/home/i/ros2_ws/install/jdamr_ros_03/lib/python3.10/site-packages/jdamr_ros_03-0.0.0-py3.10.egg-info' (and everything under it)
Copying ../../../build/jdamr_ros_03/jdamr_ros_03.egg-info to /home/i/ros2_ws/install/jdamr_ros_03/lib/python3.10/site-packages/jdamr_ros_03-0.0.0-py3.10.egg-info
running install_scripts
Installing jdamr_03 script to /home/i/ros2_ws/install/jdamr_ros_03/lib/jdamr_ros_03
writing list of installed files to '/home/i/ros2_ws/build/jdamr_ros_03/install.log'
