[0.613s] Invoking command in '/home/i/ros2_ws/src/jdcobot100_description': PYTHONPATH=/home/i/ros2_ws/build/jdcobot_100_description/prefix_override:/usr/lib/python3/dist-packages/colcon_core/task/python/colcon_distutils_commands:/home/i/ros2_ws/install/jdcobot_100_description/lib/python3.10/site-packages:${PYTHONPATH} /usr/bin/python3 -W ignore:setup.py install is deprecated setup.py egg_info --egg-base ../../build/jdcobot_100_description build --build-base /home/i/ros2_ws/build/jdcobot_100_description/build install --record /home/i/ros2_ws/build/jdcobot_100_description/install.log --single-version-externally-managed install_data
[0.750s] running egg_info
[0.751s] creating ../../build/jdcobot_100_description/jdcobot_100_description.egg-info
[0.751s] writing ../../build/jdcobot_100_description/jdcobot_100_description.egg-info/PKG-INFO
[0.751s] writing dependency_links to ../../build/jdcobot_100_description/jdcobot_100_description.egg-info/dependency_links.txt
[0.751s] writing entry points to ../../build/jdcobot_100_description/jdcobot_100_description.egg-info/entry_points.txt
[0.751s] writing requirements to ../../build/jdcobot_100_description/jdcobot_100_description.egg-info/requires.txt
[0.751s] writing top-level names to ../../build/jdcobot_100_description/jdcobot_100_description.egg-info/top_level.txt
[0.751s] writing manifest file '../../build/jdcobot_100_description/jdcobot_100_description.egg-info/SOURCES.txt'
[0.751s] reading manifest file '../../build/jdcobot_100_description/jdcobot_100_description.egg-info/SOURCES.txt'
[0.751s] writing manifest file '../../build/jdcobot_100_description/jdcobot_100_description.egg-info/SOURCES.txt'
[0.751s] running build
[0.751s] running build_py
[0.751s] creating /home/i/ros2_ws/build/jdcobot_100_description/build
[0.751s] creating /home/i/ros2_ws/build/jdcobot_100_description/build/lib
[0.751s] creating /home/i/ros2_ws/build/jdcobot_100_description/build/lib/jdcobot_100_description
[0.751s] copying jdcobot_100_description/__init__.py -> /home/i/ros2_ws/build/jdcobot_100_description/build/lib/jdcobot_100_description
[0.751s] copying jdcobot_100_description/test_ikpy.py -> /home/i/ros2_ws/build/jdcobot_100_description/build/lib/jdcobot_100_description
[0.751s] copying jdcobot_100_description/jdcobot_control.py -> /home/i/ros2_ws/build/jdcobot_100_description/build/lib/jdcobot_100_description
[0.751s] copying jdcobot_100_description/js_5_pub_test.py -> /home/i/ros2_ws/build/jdcobot_100_description/build/lib/jdcobot_100_description
[0.751s] running install
[0.751s] running install_lib
[0.751s] creating /home/i/ros2_ws/install/jdcobot_100_description/lib/python3.10/site-packages/jdcobot_100_description
[0.752s] copying /home/i/ros2_ws/build/jdcobot_100_description/build/lib/jdcobot_100_description/__init__.py -> /home/i/ros2_ws/install/jdcobot_100_description/lib/python3.10/site-packages/jdcobot_100_description
[0.752s] copying /home/i/ros2_ws/build/jdcobot_100_description/build/lib/jdcobot_100_description/test_ikpy.py -> /home/i/ros2_ws/install/jdcobot_100_description/lib/python3.10/site-packages/jdcobot_100_description
[0.752s] copying /home/i/ros2_ws/build/jdcobot_100_description/build/lib/jdcobot_100_description/jdcobot_control.py -> /home/i/ros2_ws/install/jdcobot_100_description/lib/python3.10/site-packages/jdcobot_100_description
[0.752s] copying /home/i/ros2_ws/build/jdcobot_100_description/build/lib/jdcobot_100_description/js_5_pub_test.py -> /home/i/ros2_ws/install/jdcobot_100_description/lib/python3.10/site-packages/jdcobot_100_description
[0.752s] byte-compiling /home/i/ros2_ws/install/jdcobot_100_description/lib/python3.10/site-packages/jdcobot_100_description/__init__.py to __init__.cpython-310.pyc
[0.752s] byte-compiling /home/i/ros2_ws/install/jdcobot_100_description/lib/python3.10/site-packages/jdcobot_100_description/test_ikpy.py to test_ikpy.cpython-310.pyc
[0.753s] byte-compiling /home/i/ros2_ws/install/jdcobot_100_description/lib/python3.10/site-packages/jdcobot_100_description/jdcobot_control.py to jdcobot_control.cpython-310.pyc
[0.753s] byte-compiling /home/i/ros2_ws/install/jdcobot_100_description/lib/python3.10/site-packages/jdcobot_100_description/js_5_pub_test.py to js_5_pub_test.cpython-310.pyc
[0.753s] running install_data
[0.754s] creating /home/i/ros2_ws/install/jdcobot_100_description/share/ament_index
[0.754s] creating /home/i/ros2_ws/install/jdcobot_100_description/share/ament_index/resource_index
[0.754s] creating /home/i/ros2_ws/install/jdcobot_100_description/share/ament_index/resource_index/packages
[0.754s] copying resource/jdcobot_100_description -> /home/i/ros2_ws/install/jdcobot_100_description/share/ament_index/resource_index/packages
[0.754s] copying package.xml -> /home/i/ros2_ws/install/jdcobot_100_description/share/jdcobot_100_description
[0.754s] creating /home/i/ros2_ws/install/jdcobot_100_description/share/jdcobot_100_description/launch
[0.754s] copying launch/display_launch.py -> /home/i/ros2_ws/install/jdcobot_100_description/share/jdcobot_100_description/launch
[0.754s] copying launch/gazebo_launch.py -> /home/i/ros2_ws/install/jdcobot_100_description/share/jdcobot_100_description/launch
[0.754s] copying launch/test_1_launch.py -> /home/i/ros2_ws/install/jdcobot_100_description/share/jdcobot_100_description/launch
[0.754s] creating /home/i/ros2_ws/install/jdcobot_100_description/share/jdcobot_100_description/urdf
[0.754s] copying urdf/jdcobot_100_description.urdf -> /home/i/ros2_ws/install/jdcobot_100_description/share/jdcobot_100_description/urdf
[0.754s] copying urdf/jdcobot_100_description.csv -> /home/i/ros2_ws/install/jdcobot_100_description/share/jdcobot_100_description/urdf
[0.758s] creating /home/i/ros2_ws/install/jdcobot_100_description/share/jdcobot_100_description/rviz
[0.758s] copying rviz/rviz_set.rviz -> /home/i/ros2_ws/install/jdcobot_100_description/share/jdcobot_100_description/rviz
[0.758s] creating /home/i/ros2_ws/install/jdcobot_100_description/share/jdcobot_100_description/meshes
[0.758s] copying meshes/link_2.STL -> /home/i/ros2_ws/install/jdcobot_100_description/share/jdcobot_100_description/meshes
[0.759s] copying meshes/link_1.STL -> /home/i/ros2_ws/install/jdcobot_100_description/share/jdcobot_100_description/meshes
[0.760s] copying meshes/link_4.STL -> /home/i/ros2_ws/install/jdcobot_100_description/share/jdcobot_100_description/meshes
[0.761s] copying meshes/base_link.STL -> /home/i/ros2_ws/install/jdcobot_100_description/share/jdcobot_100_description/meshes
[0.761s] copying meshes/link_3.STL -> /home/i/ros2_ws/install/jdcobot_100_description/share/jdcobot_100_description/meshes
[0.762s] running install_egg_info
[0.763s] Copying ../../build/jdcobot_100_description/jdcobot_100_description.egg-info to /home/i/ros2_ws/install/jdcobot_100_description/lib/python3.10/site-packages/jdcobot_100_description-1.0.0-py3.10.egg-info
[0.764s] running install_scripts
[0.778s] Installing jdcobot_control script to /home/i/ros2_ws/install/jdcobot_100_description/lib/jdcobot_100_description
[0.778s] Installing js_5_pub_test script to /home/i/ros2_ws/install/jdcobot_100_description/lib/jdcobot_100_description
[0.778s] writing list of installed files to '/home/i/ros2_ws/build/jdcobot_100_description/install.log'
[0.796s] Invoked command in '/home/i/ros2_ws/src/jdcobot100_description' returned '0': PYTHONPATH=/home/i/ros2_ws/build/jdcobot_100_description/prefix_override:/usr/lib/python3/dist-packages/colcon_core/task/python/colcon_distutils_commands:/home/i/ros2_ws/install/jdcobot_100_description/lib/python3.10/site-packages:${PYTHONPATH} /usr/bin/python3 -W ignore:setup.py install is deprecated setup.py egg_info --egg-base ../../build/jdcobot_100_description build --build-base /home/i/ros2_ws/build/jdcobot_100_description/build install --record /home/i/ros2_ws/build/jdcobot_100_description/install.log --single-version-externally-managed install_data
