[1.030s] Invoking command in '/home/i/ros2_ws/src/py_pubsub': PYTHONPATH=/home/i/ros2_ws/build/py_pubsub/prefix_override:/usr/lib/python3/dist-packages/colcon_core/task/python/colcon_distutils_commands:/home/i/ros2_ws/install/py_pubsub/lib/python3.10/site-packages:${PYTHONPATH} /usr/bin/python3 -W ignore:setup.py install is deprecated setup.py egg_info --egg-base ../../build/py_pubsub build --build-base /home/i/ros2_ws/build/py_pubsub/build install --record /home/i/ros2_ws/build/py_pubsub/install.log --single-version-externally-managed install_data
[1.212s] running egg_info
[1.212s] creating ../../build/py_pubsub/py_pubsub.egg-info
[1.213s] writing ../../build/py_pubsub/py_pubsub.egg-info/PKG-INFO
[1.213s] writing dependency_links to ../../build/py_pubsub/py_pubsub.egg-info/dependency_links.txt
[1.213s] writing entry points to ../../build/py_pubsub/py_pubsub.egg-info/entry_points.txt
[1.213s] writing requirements to ../../build/py_pubsub/py_pubsub.egg-info/requires.txt
[1.213s] writing top-level names to ../../build/py_pubsub/py_pubsub.egg-info/top_level.txt
[1.213s] writing manifest file '../../build/py_pubsub/py_pubsub.egg-info/SOURCES.txt'
[1.215s] reading manifest file '../../build/py_pubsub/py_pubsub.egg-info/SOURCES.txt'
[1.216s] writing manifest file '../../build/py_pubsub/py_pubsub.egg-info/SOURCES.txt'
[1.216s] running build
[1.216s] running build_py
[1.216s] creating /home/i/ros2_ws/build/py_pubsub/build
[1.216s] creating /home/i/ros2_ws/build/py_pubsub/build/lib
[1.216s] creating /home/i/ros2_ws/build/py_pubsub/build/lib/py_pubsub
[1.216s] copying py_pubsub/__init__.py -> /home/i/ros2_ws/build/py_pubsub/build/lib/py_pubsub
[1.216s] copying py_pubsub/subscriber_member_function.py -> /home/i/ros2_ws/build/py_pubsub/build/lib/py_pubsub
[1.216s] copying py_pubsub/publisher_member_function.py -> /home/i/ros2_ws/build/py_pubsub/build/lib/py_pubsub
[1.217s] running install
[1.217s] running install_lib
[1.218s] creating /home/i/ros2_ws/install/py_pubsub/lib/python3.10/site-packages/py_pubsub
[1.218s] copying /home/i/ros2_ws/build/py_pubsub/build/lib/py_pubsub/__init__.py -> /home/i/ros2_ws/install/py_pubsub/lib/python3.10/site-packages/py_pubsub
[1.218s] copying /home/i/ros2_ws/build/py_pubsub/build/lib/py_pubsub/subscriber_member_function.py -> /home/i/ros2_ws/install/py_pubsub/lib/python3.10/site-packages/py_pubsub
[1.218s] copying /home/i/ros2_ws/build/py_pubsub/build/lib/py_pubsub/publisher_member_function.py -> /home/i/ros2_ws/install/py_pubsub/lib/python3.10/site-packages/py_pubsub
[1.219s] byte-compiling /home/i/ros2_ws/install/py_pubsub/lib/python3.10/site-packages/py_pubsub/__init__.py to __init__.cpython-310.pyc
[1.219s] byte-compiling /home/i/ros2_ws/install/py_pubsub/lib/python3.10/site-packages/py_pubsub/subscriber_member_function.py to subscriber_member_function.cpython-310.pyc
[1.219s] byte-compiling /home/i/ros2_ws/install/py_pubsub/lib/python3.10/site-packages/py_pubsub/publisher_member_function.py to publisher_member_function.cpython-310.pyc
[1.220s] running install_data
[1.220s] creating /home/i/ros2_ws/install/py_pubsub/share/ament_index
[1.220s] creating /home/i/ros2_ws/install/py_pubsub/share/ament_index/resource_index
[1.220s] creating /home/i/ros2_ws/install/py_pubsub/share/ament_index/resource_index/packages
[1.220s] copying resource/py_pubsub -> /home/i/ros2_ws/install/py_pubsub/share/ament_index/resource_index/packages
[1.220s] copying package.xml -> /home/i/ros2_ws/install/py_pubsub/share/py_pubsub
[1.220s] running install_egg_info
[1.221s] Copying ../../build/py_pubsub/py_pubsub.egg-info to /home/i/ros2_ws/install/py_pubsub/lib/python3.10/site-packages/py_pubsub-0.0.0-py3.10.egg-info
[1.222s] running install_scripts
[1.237s] writing list of installed files to '/home/i/ros2_ws/build/py_pubsub/install.log'
[1.253s] Invoked command in '/home/i/ros2_ws/src/py_pubsub' returned '0': PYTHONPATH=/home/i/ros2_ws/build/py_pubsub/prefix_override:/usr/lib/python3/dist-packages/colcon_core/task/python/colcon_distutils_commands:/home/i/ros2_ws/install/py_pubsub/lib/python3.10/site-packages:${PYTHONPATH} /usr/bin/python3 -W ignore:setup.py install is deprecated setup.py egg_info --egg-base ../../build/py_pubsub build --build-base /home/i/ros2_ws/build/py_pubsub/build install --record /home/i/ros2_ws/build/py_pubsub/install.log --single-version-externally-managed install_data
